"report-def-0-rfile"
"Iteration" "report-def-0"
("Iteration" "report-def-0")
1 4595.399
2 4098.147
3 3967.689
4 3855.472
5 3901.388
6 3966.59
7 4000.665
8 4012.895
9 4012.714
10 4004.696
11 3989.191
12 3973.573
13 3948.708
14 3915.538
15 3878.117
16 3837.345
17 3796.183
18 3754.96
19 3712.679
20 3670.293
21 3626.675
22 3580.475
23 3531.335
24 3478.18
25 3421.122
26 3361.116
27 3298.974
28 3235.457
29 3171.875
30 3109.414
31 3048.838
32 2990.886
33 2936.156
34 2885.162
35 2838.355
36 2795.884
37 2758.032
38 2724.985
39 2695.665
40 2668.11
41 2642.303
42 2618.144
43 2594.966
44 2572.247
45 2549.385
46 2526.272
47 2502.523
48 2477.9
49 2452.48
50 2426.29
51 2399.284
52 2371.676
53 2343.423
54 2313.755
55 2282.867
56 2250.907
57 2218.612
58 2186.459
59 2155.254
60 2125.572
61 2095.379
62 2064.952
63 2037.642
64 2011.881
65 1987.281
66 1964.292
67 1942.477
68 1921.729
69 1900.427
70 1879.432
71 1858.841
72 1838.399
73 1817.609
74 1796.724
75 1775.928
76 1754.979
77 1733.724
78 1712.737
79 1691.255
80 1669.433
81 1647.496
82 1625.55
83 1603.539
84 1581.281
85 1558.488
86 1535.635
87 1512.739
88 1490.172
89 1468.126
90 1446.619
91 1425.797
92 1405.633
93 1386.208
94 1367.441
95 1349.28
96 1331.719
97 1314.859
98 1298.832
99 1283.526
100 1269.132
101 1255.563
102 1242.766
103 1230.697
104 1219.644
105 1209.632
106 1200.652
107 1192.814
108 1186.026
109 1180.227
110 1175.437
111 1171.52
112 1168.598
113 1166.532
114 1165.285
115 1164.511
116 1164.087
117 1163.981
118 1164.187
119 1164.828
120 1165.859
121 1167.237
122 1168.895
123 1170.773
124 1172.634
125 1174.395
126 1175.972
127 1177.27
128 1178.157
129 1178.544
130 1178.238
131 1177.269
132 1175.644
133 1173.436
134 1170.725
135 1167.542
136 1164.141
137 1160.561
138 1156.905
139 1153.101
140 1149.421
141 1145.92
142 1142.501
143 1139.13
144 1135.847
145 1132.609
146 1129.432
147 1126.219
148 1122.994
149 1119.746
150 1116.521
151 1113.369
152 1110.325
153 1107.414
154 1104.639
155 1101.945
156 1099.406
157 1096.982
158 1094.609
159 1092.267
160 1089.989
161 1087.748
162 1085.604
163 1083.451
164 1081.353
165 1079.294
166 1077.27
167 1075.222
168 1073.122
169 1070.984
170 1068.693
171 1066.245
172 1063.795
173 1061.399
174 1059.076
175 1056.867
176 1054.779
177 1052.833
178 1051.015
179 1049.358
180 1047.82
181 1046.442
182 1045.215
183 1044.101
184 1043.02
185 1041.923
186 1040.805
187 1039.626
188 1038.394
189 1037.116
190 1035.817
191 1034.472
192 1033.098
193 1031.701
194 1030.282
195 1028.848
196 1027.41
197 1025.985
198 1024.586
199 1023.234
200 1021.928
201 1020.665
202 1019.432
203 1018.23
204 1017.058
205 1015.918
206 1014.825
207 1013.795
208 1012.834
209 1011.953
210 1011.157
211 1010.449
212 1009.823
213 1009.29
214 1008.859
215 1008.516
216 1008.247
217 1008.041
218 1007.88
219 1007.775
220 1007.77
221 1007.811
222 1007.88
223 1007.983
224 1008.12
225 1008.297
226 1008.513
227 1008.753
228 1009.002
229 1009.253
230 1009.49
231 1009.714
232 1009.917
233 1010.095
234 1010.232
235 1010.302
236 1010.305
237 1010.259
238 1010.178
239 1010.077
240 1009.931
241 1009.737
242 1009.48
243 1009.157
244 1008.809
245 1008.438
246 1008.069
247 1007.702
248 1007.338
249 1006.98
250 1006.582
251 1006.151
252 1005.687
253 1005.175
254 1004.598
255 1003.972
256 1003.323
257 1002.692
258 1002.065
259 1001.457
260 1000.859
261 1000.264
262 999.6636
263 999.0441
264 998.4073
265 997.7618
266 997.0875
267 996.426
268 995.7962
269 995.1872
270 994.5991
271 994.046
272 993.5208
273 993.0212
274 992.5093
275 992.0591
276 991.686
277 991.3798
278 991.1315
279 990.9305
280 990.7628
281 990.6244
282 990.5121
283 990.4294
284 990.3606
285 990.3207
286 990.304
287 990.2971
288 990.2946
289 990.2903
290 990.255
291 990.2288
292 990.2218
293 990.225
294 990.2283
295 990.2374
296 990.2577
297 990.2836
298 990.307
299 990.3606
300 990.4422
301 990.5474
302 990.6732
303 990.8147
304 990.9742
305 991.1577
306 991.3661
307 991.5992
308 991.8577
309 992.1382
310 992.4416
311 992.7632
312 993.0937
313 993.43
314 993.7701
315 994.1117
316 994.4437
317 994.7655
318 995.0767
319 995.3813
320 995.6753
321 995.9561
322 996.23
323 996.4933
324 996.748
325 996.9946
326 997.2353
327 997.4638
328 997.6799
329 997.8809
330 998.0674
331 998.2371
332 998.3956
333 998.5457
334 998.6888
335 998.8285
336 998.9679
337 999.1068
338 999.2435
339 999.3773
340 999.5075
341 999.6345
342 999.7573
343 999.8804
344 1000.005
345 1000.128
346 1000.248
347 1000.357
348 1000.453
349 1000.537
350 1000.602
351 1000.646
352 1000.669
353 1000.675
354 1000.67
355 1000.654
356 1000.633
357 1000.608
358 1000.579
359 1000.548
360 1000.513
361 1000.477
362 1000.439
363 1000.397
364 1000.345
365 1000.283
366 1000.21
367 1000.129
368 1000.038
369 999.9328
370 999.8161
371 999.6902
372 999.5598
373 999.4249
374 999.2897
375 999.1553
376 999.0228
377 998.8956
378 998.7742
379 998.6553
380 998.5381
381 998.4229
382 998.3079
383 998.1956
384 998.0853
385 997.9764
386 997.8713
387 997.7678
388 997.6668
389 997.5703
390 997.4783
391 997.3945
392 997.3173
393 997.2473
394 997.1846
395 997.1282
396 997.0793
397 997.04
398 997.0087
399 996.986
400 996.9702
401 996.9603
402 996.9485
403 996.9343
404 996.9075
405 996.8784
406 996.8549
407 996.842
408 996.8415
409 996.8563
410 996.89
411 996.9462
412 997.024
413 997.1265
414 997.2515
415 997.395
416 997.5535
417 997.7268
418 997.9114
419 998.1074
420 998.3151
421 998.5446
422 998.7945
423 999.0685
424 999.369
425 999.6979
426 1000.055
427 1000.437
428 1000.848
429 1001.291
430 1001.763
431 1002.264
432 1002.796
433 1003.365
434 1003.973
435 1004.625
436 1005.319
437 1006.055
438 1006.836
439 1007.659
440 1008.528
441 1009.448
442 1010.416
443 1011.439
444 1012.517
445 1013.649
446 1014.838
447 1016.088
448 1017.398
449 1018.769
450 1020.2
451 1021.69
452 1023.235
453 1024.832
454 1026.481
455 1028.182
456 1029.934
457 1031.74
458 1033.6
459 1035.514
460 1037.487
461 1039.524
462 1041.628
463 1043.798
464 1046.037
465 1048.343
466 1050.713
467 1053.147
468 1055.643
469 1058.196
470 1060.81
471 1063.483
472 1066.214
473 1068.999
474 1071.836
475 1074.728
476 1077.672
477 1080.665
478 1083.709
479 1086.801
480 1089.94
481 1093.123
482 1096.348
483 1099.611
484 1102.908
485 1106.235
486 1109.592
487 1112.978
488 1116.397
489 1119.849
490 1123.328
491 1126.831
492 1130.352
493 1133.884
494 1137.421
495 1140.962
496 1144.503
497 1148.039
498 1151.568
499 1155.088
500 1158.603
501 1162.113
502 1165.612
503 1169.097
504 1172.554
505 1175.982
506 1179.377
507 1182.739
508 1186.056
509 1189.334
510 1192.568
511 1195.752
512 1198.887
513 1201.969
514 1204.993
515 1207.956
516 1210.857
517 1213.693
518 1216.463
519 1219.161
520 1221.788
521 1224.34
522 1226.817
523 1229.221
524 1231.544
525 1233.779
526 1235.923
527 1237.974
528 1239.932
529 1241.797
530 1243.566
531 1245.242
532 1246.824
533 1248.305
534 1249.681
535 1250.958
536 1252.129
537 1253.189
538 1254.139
539 1254.979
540 1255.71
541 1256.329
542 1256.838
543 1257.237
544 1257.519
545 1257.679
546 1257.713
547 1257.62
548 1257.399
549 1257.052
550 1256.574
551 1255.968
552 1255.238
553 1254.38
554 1253.394
555 1252.285
556 1251.048
557 1249.678
558 1248.18
559 1246.563
560 1244.827
561 1242.972
562 1240.973
563 1238.839
564 1236.62
565 1234.308
566 1231.894
567 1229.363
568 1226.721
569 1223.979
570 1221.139
571 1218.199
572 1215.154
573 1212.027
574 1208.826
575 1205.542
576 1202.181
577 1198.746
578 1195.237
579 1191.66
580 1188.026
581 1184.337
582 1180.596
583 1176.799
584 1172.951
585 1169.056
586 1165.116
587 1161.132
588 1157.102
589 1153.03
590 1148.921
591 1144.778
592 1140.608
593 1136.42
594 1132.219
595 1128.013
596 1123.795
597 1119.573
598 1115.354
599 1111.138
600 1106.924
601 1102.704
602 1098.488
603 1094.279
604 1090.076
605 1085.878
606 1081.683
607 1077.491
608 1073.305
609 1069.128
610 1064.962
611 1060.809
612 1056.67
613 1052.547
614 1048.444
615 1044.372
616 1040.329
617 1036.314
618 1032.329
619 1028.373
620 1024.445
621 1020.545
622 1016.671
623 1012.82
624 1008.999
625 1005.208
626 1001.449
627 997.7246
628 994.0417
629 990.3952
630 986.7832
631 983.2048
632 979.659
633 976.1429
634 972.6582
635 969.2057
636 965.7848
637 962.4002
638 959.0563
639 955.7547
640 952.4931
641 949.2709
642 946.0873
643 942.9341
644 939.815
645 936.7355
646 933.6943
647 930.689
648 927.7193
649 924.7879
650 921.8958
651 919.0391
652 916.212
653 913.4138
654 910.652
655 907.9362
656 905.2686
657 902.6479
658 900.0704
659 897.532
660 895.0298
661 892.5651
662 890.1352
663 887.7402
664 885.3875
665 883.0863
666 880.8225
667 878.6004
668 876.4212
669 874.2872
670 872.2021
671 870.1556
672 868.1508
673 866.1865
674 864.2619
675 862.3754
676 860.5242
677 858.7031
678 856.9133
679 855.1575
680 853.4381
681 851.7505
682 850.0928
683 848.4644
684 846.8669
685 845.3005
686 843.7655
687 842.2633
688 840.7953
689 839.3629
690 837.9597
691 836.5824
692 835.228
693 833.9
694 832.5976
695 831.3219
696 830.074
697 828.857
698 827.6687
699 826.5081
700 825.3768
701 824.2709
702 823.194
703 822.1448
704 821.122
705 820.1254
706 819.1555
707 818.2124
708 817.2957
709 816.405
710 815.5378
711 814.6905
712 813.8591
713 813.0413
714 812.2396
715 811.4504
716 810.676
717 809.9175
718 809.1743
719 808.4469
720 807.7369
721 807.0454
722 806.374
723 805.7233
724 805.0939
725 804.4879
726 803.9033
727 803.3395
728 802.7936
729 802.2612
730 801.7424
731 801.2349
732 800.7379
733 800.253
734 799.7836
735 799.3214
736 798.8668
737 798.4208
738 797.9832
739 797.5592
740 797.149
741 796.7512
742 796.362
743 795.9796
744 795.6
745 795.2259
746 794.8574
747 794.4946
748 794.1345
749 793.7768
750 793.4221
751 793.0699
752 792.7234
753 792.3832
754 792.0489
755 791.7176
756 791.3905
757 791.0664
758 790.7495
759 790.4401
760 790.1392
761 789.8472
762 789.5623
763 789.2861
764 789.02
765 788.7639
766 788.5163
767 788.2753
768 788.0419
769 787.8154
770 787.5956
771 787.3824
772 787.1748
773 786.9725
774 786.7752
775 786.5872
776 786.409
777 786.2404
778 786.0796
779 785.9244
780 785.7721
781 785.6239
782 785.4768
783 785.3294
784 785.1796
785 785.0282
786 784.8766
787 784.7245
788 784.5745
789 784.4304
790 784.2942
791 784.1647
792 784.0394
793 783.9166
794 783.7959
795 783.6757
796 783.5585
797 783.4429
798 783.3311
799 783.2216
800 783.1172
801 783.019
802 782.9253
803 782.8315
804 782.735
805 782.6381
806 782.5393
807 782.4346
808 782.3234
809 782.2076
810 782.0888
811 781.9687
812 781.8458
813 781.7203
814 781.5953
815 781.4715
816 781.3444
817 781.2118
818 781.073
819 780.9309
820 780.7878
821 780.6432
822 780.4973
823 780.3528
824 780.2102
825 780.0677
826 779.9232
827 779.7757
828 779.6259
829 779.4756
830 779.3276
831 779.1824
832 779.036
833 778.8909
834 778.7454
835 778.6012
836 778.4564
837 778.3106
838 778.1627
839 778.0128
840 777.8604
841 777.7048
842 777.546
843 777.3829
844 777.2174
845 777.0505
846 776.8832
847 776.7156
848 776.5446
849 776.3719
850 776.199
851 776.0247
852 775.8486
853 775.6688
854 775.4852
855 775.2955
856 775.1005
857 774.9008
858 774.6982
859 774.4913
860 774.2791
861 774.0629
862 773.8455
863 773.6293
864 773.4169
865 773.2068
866 772.9989
867 772.7947
868 772.5934
869 772.3929
870 772.192
871 771.9874
872 771.7794
873 771.5666
874 771.3509
875 771.1359
876 770.9233
877 770.715
878 770.5115
879 770.3136
880 770.1169
881 769.9182
882 769.7189
883 769.5193
884 769.321
885 769.1226
886 768.9244
887 768.7285
888 768.5334
889 768.3385
890 768.1445
891 767.9504
892 767.7578
893 767.5662
894 767.3726
895 767.1788
896 766.9822
897 766.7855
898 766.5894
899 766.3949
900 766.1979
901 766.0004
902 765.8016
903 765.6009
904 765.4012
905 765.2006
906 764.9976
907 764.7973
908 764.6033
909 764.4166
910 764.2371
911 764.0648
912 763.8955
913 763.7313
914 763.5634
915 763.3921
916 763.219
917 763.0462
918 762.8775
919 762.7123
920 762.5467
921 762.3828
922 762.2177
923 762.0477
924 761.8732
925 761.6948
926 761.5105
927 761.3221
928 761.1334
929 760.9417
930 760.7479
931 760.5503
932 760.3469
933 760.142
934 759.934
935 759.7225
936 759.5099
937 759.2966
938 759.0892
939 758.8868
940 758.6879
941 758.4919
942 758.3019
943 758.112
944 757.9202
945 757.7233
946 757.522
947 757.3162
948 757.1082
949 756.9006
950 756.6964
951 756.4958
952 756.3017
953 756.1134
954 755.9266
955 755.74
956 755.5513
957 755.3641
958 755.1793
959 754.9962
960 754.8137
961 754.6301
962 754.4442
963 754.2571
964 754.074
965 753.8954
966 753.7216
967 753.5547
968 753.3971
969 753.2454
970 753.0993
971 752.9607
972 752.8303
973 752.7024
974 752.5763
975 752.45
976 752.3183
977 752.1789
978 752.0349
979 751.8915
980 751.7492
981 751.613
982 751.487
983 751.3718
984 751.2654
985 751.162
986 751.0666
987 750.9749
988 750.882
989 750.7881
990 750.693
991 750.5956
992 750.4941
993 750.389
994 750.2825
995 750.1741
996 750.0615
997 749.946
998 749.8333
999 749.7201
1000 749.6079
1001 749.4493
1002 749.2907
1003 749.1288
1004 748.9595
1005 748.7859
1006 748.6025
1007 748.4018
1008 748.1939
1009 747.9734
1010 747.7455
1011 747.5132
1012 747.2844
1013 747.0612
1014 746.8515
1015 746.6568
1016 746.4644
1017 746.2694
1018 746.0735
1019 745.868
1020 745.6528
1021 745.4307
1022 745.2006
1023 744.9663
1024 744.733
1025 744.4995
1026 744.2632
1027 744.0314
1028 743.804
1029 743.5821
1030 743.3643
1031 743.1575
1032 742.9634
1033 742.7821
1034 742.611
1035 742.4432
1036 742.2708
1037 742.0987
1038 741.9263
1039 741.757
1040 741.59
1041 741.4294
1042 741.2789
1043 741.1358
1044 740.9984
1045 740.8619
1046 740.7321
1047 740.6063
1048 740.475
1049 740.3397
1050 740.1988
1051 740.0629
1052 739.9348
1053 739.8167
1054 739.7052
1055 739.604
1056 739.5129
1057 739.4335
1058 739.3669
1059 739.3087
1060 739.2569
1061 739.2023
1062 739.136
1063 739.0589
1064 738.9802
1065 738.9039
1066 738.8364
1067 738.7737
1068 738.7173
1069 738.6714
1070 738.628
1071 738.5823
1072 738.5368
1073 738.4948
1074 738.457
1075 738.4264
1076 738.4047
1077 738.3933
1078 738.3921
1079 738.3987
1080 738.4068
1081 738.4163
1082 738.4271
1083 738.4377
1084 738.4472
1085 738.4617
1086 738.4749
1087 738.4908
1088 738.5071
1089 738.5121
1090 738.5169
1091 738.5182
1092 738.5157
1093 738.511
1094 738.5062
1095 738.5048
1096 738.5014
1097 738.4951
1098 738.4888
1099 738.4869
1100 738.4865
1101 738.491
1102 738.499
1103 738.511
1104 738.5253
1105 738.5341
1106 738.5325
1107 738.5279
1108 738.5178
1109 738.4973
1110 738.4658
1111 738.4287
1112 738.3902
1113 738.3508
1114 738.3064
1115 738.2567
1116 738.2111
1117 738.1768
1118 738.1535
1119 738.1405
1120 738.1359
1121 738.1389
1122 738.1472
1123 738.157
1124 738.1661
1125 738.1793
1126 738.2073
1127 738.2468
1128 738.2908
1129 738.3354
1130 738.382
1131 738.431
1132 738.4826
1133 738.5416
1134 738.6085
1135 738.684
1136 738.7711
1137 738.8698
1138 738.9768
1139 739.0951
1140 739.2229
1141 739.3586
1142 739.5042
1143 739.6575
1144 739.8193
1145 739.9924
1146 740.1708
1147 740.3517
1148 740.535
1149 740.7173
1150 740.9001
1151 741.0824
1152 741.2576
1153 741.4252
1154 741.5827
1155 741.7355
1156 741.8837
1157 742.0272
1158 742.1688
1159 742.3044
1160 742.4361
1161 742.5641
1162 742.6943
1163 742.8276
1164 742.9653
1165 743.1098
1166 743.2586
1167 743.4103
1168 743.5663
1169 743.7196
1170 743.8728
1171 744.0229
1172 744.1672
1173 744.311
1174 744.4564
1175 744.6119
1176 744.779
1177 744.9646
1178 745.155
1179 745.3441
1180 745.5283
1181 745.7099
1182 745.8916
1183 746.0737
1184 746.262
1185 746.4626
1186 746.6768
1187 746.9039
1188 747.1452
1189 747.3992
1190 747.6628
1191 747.9329
1192 748.2079
1193 748.4844
1194 748.7593
1195 749.0329
1196 749.3021
1197 749.5663
1198 749.8273
1199 750.0885
1200 750.3511
1201 750.6207
1202 750.9027
1203 751.1971
1204 751.5022
1205 751.8171
1206 752.1432
1207 752.4793
1208 752.8242
1209 753.1805
1210 753.5417
1211 753.9066
1212 754.2739
1213 754.6378
1214 754.9946
1215 755.3456
1216 755.6931
1217 756.0382
1218 756.3832
1219 756.7294
1220 757.0776
1221 757.4322
1222 757.7933
1223 758.1609
1224 758.5347
1225 758.9149
1226 759.2975
1227 759.683
1228 760.0679
1229 760.4503
1230 760.827
1231 761.1993
1232 761.5682
1233 761.929
1234 762.2859
1235 762.6346
1236 762.9731
1237 763.3016
1238 763.6276
1239 763.9535
1240 764.2876
1241 764.6322
1242 764.9839
1243 765.3406
1244 765.7013
1245 766.0601
1246 766.4197
1247 766.7771
1248 767.132
1249 767.4825
1250 767.831
1251 768.1801
1252 768.5328
1253 768.8861
1254 769.2384
1255 769.591
1256 769.9469
1257 770.3084
1258 770.6716
1259 771.0356
1260 771.4006
1261 771.7656
1262 772.1273
1263 772.4938
1264 772.8637
1265 773.2363
1266 773.6121
1267 773.9918
1268 774.3719
1269 774.754
1270 775.1401
1271 775.5291
1272 775.9183
1273 776.3099
1274 776.705
1275 777.1013
1276 777.499
1277 777.8961
1278 778.2902
1279 778.6855
1280 779.0802
1281 779.4672
1282 779.8481
1283 780.2271
1284 780.6056
1285 780.9827
1286 781.3623
1287 781.7448
1288 782.1282
1289 782.5142
1290 782.8984
1291 783.2806
1292 783.6614
1293 784.0441
1294 784.4304
1295 784.8253
1296 785.2236
1297 785.6172
1298 786.0078
1299 786.3956
1300 786.7829
1301 787.1718
1302 787.5691
1303 787.9772
1304 788.3963
1305 788.8288
1306 789.2795
1307 789.7472
1308 790.2288
1309 790.7241
1310 791.2296
1311 791.7457
1312 792.27
1313 792.7993
1314 793.3293
1315 793.8561
1316 794.3794
1317 794.8994
1318 795.4231
1319 795.9484
1320 796.4696
1321 796.9901
1322 797.5103
1323 798.0306
1324 798.5435
1325 799.0464
1326 799.5452
1327 800.0461
1328 800.5483
1329 801.048
1330 801.5427
1331 802.0334
1332 802.5209
1333 803.013
1334 803.5103
1335 804.0103
1336 804.5096
1337 805.0088
1338 805.5101
1339 806.0132
1340 806.5203
1341 807.0305
1342 807.5417
1343 808.0521
1344 808.5626
1345 809.0721
1346 809.5826
1347 810.1013
1348 810.6174
1349 811.1298
1350 811.648
1351 812.1728
1352 812.6943
1353 813.2127
1354 813.727
1355 814.241
1356 814.7576
1357 815.2781
1358 815.8068
1359 816.3455
1360 816.897
1361 817.4628
1362 818.0385
1363 818.6231
1364 819.2166
1365 819.8124
1366 820.4091
1367 821.0102
1368 821.6169
1369 822.2231
1370 822.822
1371 823.4182
1372 824.0077
1373 824.5931
1374 825.1791
1375 825.7702
1376 826.3624
1377 826.9496
1378 827.5356
1379 828.1161
1380 828.6946
1381 829.2762
1382 829.8553
1383 830.4308
1384 831.0085
1385 831.5837
1386 832.158
1387 832.7325
1388 833.311
1389 833.8948
1390 834.4855
1391 835.0828
1392 835.6839
1393 836.2902
1394 836.8997
1395 837.5079
1396 838.1146
1397 838.7125
1398 839.3054
1399 839.8995
1400 840.497
1401 841.0952
1402 841.6898
1403 842.2773
1404 842.8615
1405 843.4434
1406 844.0203
1407 844.5928
1408 845.1609
1409 845.7326
1410 846.307
1411 846.8805
1412 847.4499
1413 848.0124
1414 848.5735
1415 849.1317
1416 849.6834
1417 850.2232
1418 850.752
1419 851.2725
1420 851.783
1421 852.2792
1422 852.7645
1423 853.234
1424 853.6985
1425 854.162
1426 854.6241
1427 855.0871
1428 855.5485
1429 856.0151
1430 856.4875
1431 856.9612
1432 857.4345
1433 857.9036
1434 858.3698
1435 858.8335
1436 859.2939
1437 859.7526
1438 860.2108
1439 860.6726
1440 861.1417
1441 861.6187
1442 862.104
1443 862.5983
1444 863.1036
1445 863.6179
1446 864.1385
1447 864.6641
1448 865.1892
1449 865.7143
1450 866.2395
1451 866.7627
1452 867.2845
1453 867.8087
1454 868.3362
1455 868.8672
1456 869.3973
1457 869.9257
1458 870.454
1459 870.9838
1460 871.5077
1461 872.0207
1462 872.5282
1463 873.0293
1464 873.5235
1465 874.0059
1466 874.4757
1467 874.9295
1468 875.3708
1469 875.8027
1470 876.2253
1471 876.6436
1472 877.0609
1473 877.4819
1474 877.9102
1475 878.349
1476 878.7906
1477 879.234
1478 879.6764
1479 880.1194
1480 880.5634
1481 881.006
1482 881.4462
1483 881.8845
1484 882.3231
1485 882.7596
1486 883.1926
1487 883.6196
1488 884.0452
1489 884.4662
1490 884.8912
1491 885.3184
1492 885.7403
1493 886.1567
1494 886.5699
1495 886.9816
1496 887.3929
1497 887.8057
1498 888.2224
1499 888.6437
1500 889.0637
1501 889.4799
1502 889.8923
1503 890.3
1504 890.6995
1505 891.0908
1506 891.4744
1507 891.8582
1508 892.2341
1509 892.6019
1510 892.9628
1511 893.3197
1512 893.6725
1513 894.0189
1514 894.3661
1515 894.7078
1516 895.0447
1517 895.3703
1518 895.6841
1519 895.9896
1520 896.2861
1521 896.5817
1522 896.8746
1523 897.1666
1524 897.4576
1525 897.7468
1526 898.0384
1527 898.332
1528 898.624
1529 898.9185
1530 899.2134
1531 899.5111
1532 899.8102
1533 900.1068
1534 900.3975
1535 900.6755
1536 900.941
1537 901.2032
1538 901.4631
1539 901.7276
1540 901.9914
1541 902.2488
1542 902.5089
1543 902.7736
1544 903.0406
1545 903.3033
1546 903.5634
1547 903.8174
1548 904.0677
1549 904.3162
1550 904.5674
1551 904.8212
1552 905.0757
1553 905.3253
1554 905.5684
1555 905.8063
1556 906.0396
1557 906.2724
1558 906.512
1559 906.7518
1560 906.9901
1561 907.2267
1562 907.4693
1563 907.7133
1564 907.9626
1565 908.2141
1566 908.4649
1567 908.7146
1568 908.9594
1569 909.2007
1570 909.4344
1571 909.665
1572 909.8918
1573 910.1141
1574 910.3297
1575 910.5461
1576 910.7619
1577 910.9708
1578 911.168
1579 911.3617
1580 911.5529
1581 911.7359
1582 911.9103
1583 912.0801
1584 912.2529
1585 912.4192
1586 912.5802
1587 912.7415
1588 912.9009
1589 913.0601
1590 913.2153
1591 913.3707
1592 913.5283
1593 913.6784
1594 913.8137
1595 913.9407
1596 914.0575
1597 914.1669
1598 914.2736
1599 914.3735
1600 914.4694
1601 914.5635
1602 914.6563
1603 914.7437
1604 914.8248
1605 914.9019
1606 914.9753
1607 915.0444
1608 915.1101
1609 915.1738
1610 915.2354
1611 915.2939
1612 915.3492
1613 915.4007
1614 915.452
1615 915.5044
1616 915.5612
1617 915.6219
1618 915.6877
1619 915.7596
1620 915.8329
1621 915.9055
1622 915.975
1623 916.04
1624 916.1036
1625 916.1697
1626 916.2316
1627 916.2918
1628 916.3474
1629 916.4049
1630 916.4688
1631 916.537
1632 916.6087
1633 916.6811
1634 916.7556
1635 916.8232
1636 916.8828
1637 916.9297
1638 916.9675
1639 916.998
1640 917.0239
1641 917.0466
1642 917.0688
1643 917.0896
1644 917.108
1645 917.1206
1646 917.1212
1647 917.1144
1648 917.0974
1649 917.0773
1650 917.0493
1651 917.0149
1652 916.9802
1653 916.9464
1654 916.9171
1655 916.8929
1656 916.8714
1657 916.8533
1658 916.8355
1659 916.8163
1660 916.7941
1661 916.7656
1662 916.7399
1663 916.7147
1664 916.6926
1665 916.6747
1666 916.6548
1667 916.6382
1668 916.6262
1669 916.6206
1670 916.626
1671 916.6343
1672 916.6334
1673 916.6219
1674 916.601
1675 916.5712
1676 916.537
1677 916.5008
1678 916.4581
1679 916.4092
1680 916.3561
1681 916.3013
1682 916.2478
1683 916.202
1684 916.161
1685 916.1125
1686 916.0734
1687 916.0374
1688 916.0059
1689 915.9733
1690 915.9395
1691 915.9019
1692 915.8625
1693 915.8245
1694 915.7859
1695 915.7404
1696 915.697
1697 915.6508
1698 915.5981
1699 915.5399
1700 915.4759
1701 915.4099
1702 915.3392
1703 915.2646
1704 915.1853
1705 915.1018
1706 915.0128
1707 914.9178
1708 914.8167
1709 914.7147
1710 914.6225
1711 914.549
1712 914.4918
1713 914.442
1714 914.3932
1715 914.3363
1716 914.2745
1717 914.2137
1718 914.1541
1719 914.1003
1720 914.0514
1721 914.0051
1722 913.9575
1723 913.9012
1724 913.8329
1725 913.7576
1726 913.6821
1727 913.606
1728 913.5281
1729 913.4479
1730 913.3632
1731 913.2744
1732 913.1773
1733 913.0721
1734 912.9568
1735 912.8341
1736 912.7056
1737 912.5703
1738 912.4304
1739 912.2859
1740 912.142
1741 911.9941
1742 911.861
1743 911.7446
1744 911.6324
1745 911.526
1746 911.4216
1747 911.3124
1748 911.1979
1749 911.0837
1750 910.9688
1751 910.8478
1752 910.7279
1753 910.6057
1754 910.481
1755 910.3541
1756 910.2263
1757 910.0964
1758 909.9697
1759 909.8525
1760 909.7434
1761 909.6403
1762 909.5409
1763 909.4396
1764 909.3344
1765 909.2296
1766 909.1254
1767 909.0181
1768 908.9106
1769 908.8
1770 908.6851
1771 908.5676
1772 908.4529
1773 908.3434
1774 908.2436
1775 908.1512
1776 908.0666
1777 907.985
1778 907.9089
1779 907.835
1780 907.7626
1781 907.6872
1782 907.6177
1783 907.5522
1784 907.4891
1785 907.4293
1786 907.3694
1787 907.3094
1788 907.2433
1789 907.1724
1790 907.0994
1791 907.0253
1792 906.9483
1793 906.8736
1794 906.7997
1795 906.7234
1796 906.6472
1797 906.5677
1798 906.4817
1799 906.3909
1800 906.291
1801 906.1823
1802 906.0645
1803 905.9427
1804 905.8232
1805 905.7054
1806 905.5882
1807 905.4747
1808 905.366
1809 905.2618
1810 905.1569
1811 905.0505
1812 904.9389
1813 904.8259
1814 904.7136
1815 904.6023
1816 904.4895
1817 904.378
1818 904.262
1819 904.1443
1820 904.0234
1821 903.8917
1822 903.7695
1823 903.6467
1824 903.5197
1825 903.3898
1826 903.26
1827 903.1354
1828 903.0201
1829 902.9146
1830 902.816
1831 902.7216
1832 902.6326
1833 902.5465
1834 902.4591
1835 902.3694
1836 902.2756
1837 902.1799
1838 902.0831
1839 901.9845
1840 901.8862
1841 901.7863
1842 901.6841
1843 901.5792
1844 901.4713
1845 901.3616
1846 901.249
1847 901.134
1848 901.0152
1849 900.8925
1850 900.7726
1851 900.6549
1852 900.5399
1853 900.4251
1854 900.3074
1855 900.1914
1856 900.0782
1857 899.9708
1858 899.8696
1859 899.776
1860 899.6861
1861 899.6006
1862 899.5131
1863 899.4171
1864 899.3068
1865 899.1783
1866 899.04
1867 898.8909
1868 898.7319
1869 898.5656
1870 898.3932
1871 898.2213
1872 898.0469
1873 897.8655
1874 897.6772
1875 897.4824
1876 897.2852
1877 897.0833
1878 896.8788
1879 896.6758
1880 896.4662
1881 896.2483
1882 896.027
1883 895.8051
1884 895.5866
1885 895.382
1886 895.1872
1887 894.9985
1888 894.8156
1889 894.6393
1890 894.4651
1891 894.2909
1892 894.1191
1893 893.938
1894 893.7466
1895 893.5477
1896 893.3449
1897 893.14
1898 892.9388
1899 892.7383
1900 892.5358
1901 892.3367
1902 892.1422
1903 891.9494
1904 891.7591
1905 891.5751
1906 891.397
1907 891.2207
1908 891.0446
1909 890.8695
1910 890.6912
1911 890.5056
1912 890.317
1913 890.1252
1914 889.9252
1915 889.7242
1916 889.5223
1917 889.3221
1918 889.1254
1919 888.9294
1920 888.7343
1921 888.545
1922 888.358
1923 888.1701
1924 887.9805
1925 887.7897
1926 887.6046
1927 887.4233
1928 887.2513
1929 887.0896
1930 886.933
1931 886.778
1932 886.6215
1933 886.4606
1934 886.3006
1935 886.1398
1936 885.9812
1937 885.82
1938 885.6532
1939 885.4822
1940 885.3086
1941 885.1332
1942 884.96
1943 884.7877
1944 884.6064
1945 884.4149
1946 884.213
1947 884.0061
1948 883.801
1949 883.601
1950 883.4073
1951 883.2153
1952 883.022
1953 882.825
1954 882.6229
1955 882.4134
1956 882.1934
1957 881.9656
1958 881.7288
1959 881.4865
1960 881.2456
1961 881.0086
1962 880.7737
1963 880.5445
1964 880.3281
1965 880.119
1966 879.9113
1967 879.7028
1968 879.4919
1969 879.2753
1970 879.0524
1971 878.8262
1972 878.6004
1973 878.3837
1974 878.1769
1975 877.982
1976 877.7957
1977 877.618
1978 877.4424
1979 877.2636
1980 877.0815
1981 876.8986
1982 876.7161
1983 876.5326
1984 876.3488
1985 876.1684
1986 875.992
1987 875.8242
1988 875.6591
1989 875.4933
1990 875.3278
1991 875.1677
1992 875.015
1993 874.8665
1994 874.7219
1995 874.585
1996 874.4544
1997 874.3295
1998 874.2098
1999 874.0912
2000 873.9731
2001 873.769
2002 873.5598
2003 873.3414
2004 873.1241
2005 872.903
2006 872.6799
2007 872.4608
2008 872.2353
2009 871.9999
2010 871.7623
2011 871.5228
2012 871.2766
2013 871.0391
2014 870.7959
2015 870.5547
2016 870.3176
2017 870.0908
2018 869.8677
2019 869.6417
2020 869.4078
2021 869.1707
2022 868.9356
2023 868.7034
2024 868.4829
2025 868.2733
2026 868.0737
2027 867.8801
2028 867.6957
2029 867.5174
2030 867.3416
2031 867.1719
2032 867.0108
2033 866.8563
2034 866.715
2035 866.578
2036 866.4431
2037 866.3135
2038 866.1841
2039 866.0528
2040 865.9229
2041 865.7978
2042 865.6745
2043 865.5547
2044 865.4407
2045 865.3327
2046 865.227
2047 865.1257
2048 865.0302
2049 864.9382
2050 864.8458
2051 864.7477
2052 864.6418
2053 864.5302
2054 864.4128
2055 864.2824
2056 864.1418
2057 863.9897
2058 863.8282
2059 863.6598
2060 863.4832
2061 863.3044
2062 863.1265
2063 862.9523
2064 862.7831
2065 862.6212
2066 862.466
2067 862.3246
2068 862.1924
2069 862.062
2070 861.935
2071 861.8138
2072 861.6943
2073 861.5704
2074 861.4487
2075 861.3245
2076 861.1968
2077 861.0643
2078 860.9265
2079 860.7838
2080 860.637
2081 860.4825
2082 860.3232
2083 860.1583
2084 859.9972
2085 859.8386
2086 859.6783
2087 859.5175
2088 859.3563
2089 859.1917
2090 859.0335
2091 858.882
2092 858.7361
2093 858.5955
2094 858.458
2095 858.3282
2096 858.207
2097 858.094
2098 857.9868
2099 857.8804
2100 857.7754
2101 857.6745
2102 857.58
2103 857.4913
2104 857.4178
2105 857.36
2106 857.3151
2107 857.283
2108 857.2636
2109 857.2573
2110 857.2556
2111 857.2551
2112 857.2476
2113 857.2277
2114 857.2003
2115 857.1729
2116 857.148
2117 857.1247
2118 857.0971
2119 857.0656
2120 857.0377
2121 857.0259
2122 857.0242
2123 857.0184
2124 857.0012
2125 856.9743
2126 856.9388
2127 856.8987
2128 856.8503
2129 856.7877
2130 856.7244
2131 856.6613
2132 856.5964
2133 856.537
2134 856.486
2135 856.4408
2136 856.3954
2137 856.3492
2138 856.3031
2139 856.2574
2140 856.2107
2141 856.1676
2142 856.1369
2143 856.1158
2144 856.1032
2145 856.0974
2146 856.0903
2147 856.0659
2148 856.0353
2149 856.0128
2150 855.9939
2151 855.972
2152 855.9478
2153 855.9324
2154 855.9225
2155 855.9221
2156 855.9287
2157 855.9437
2158 855.9609
2159 855.9677
2160 855.9621
2161 855.956
2162 855.9555
2163 855.9639
2164 855.9713
2165 855.975
2166 855.9769
2167 855.9766
2168 855.9712
2169 855.9661
2170 855.9621
2171 855.9632
2172 855.972
2173 855.9919
2174 856.0241
2175 856.0657
2176 856.1174
2177 856.1719
2178 856.2264
2179 856.2875
2180 856.3547
2181 856.4227
2182 856.4916
2183 856.5613
2184 856.6315
2185 856.7028
2186 856.7769
2187 856.8555
2188 856.9382
2189 857.0255
2190 857.1149
2191 857.206
2192 857.303
2193 857.3961
2194 857.4988
2195 857.6096
2196 857.7325
2197 857.8644
2198 857.9955
2199 858.1348
2200 858.2803
2201 858.4327
2202 858.5901
2203 858.7499
2204 858.9062
2205 859.0555
2206 859.1935
2207 859.3312
2208 859.476
2209 859.628
2210 859.7877
2211 859.9523
2212 860.1178
2213 860.2874
2214 860.4577
2215 860.6257
2216 860.7968
2217 860.9701
2218 861.1459
2219 861.3252
2220 861.4995
2221 861.669
2222 861.8409
2223 862.0173
2224 862.2017
2225 862.3918
2226 862.5869
2227 862.782
2228 862.9714
2229 863.1599
2230 863.3475
2231 863.5339
2232 863.7224
2233 863.9138
2234 864.1104
2235 864.3071
2236 864.5065
2237 864.7131
2238 864.9181
2239 865.1314
2240 865.3564
2241 865.5935
2242 865.8442
2243 866.1093
2244 866.3821
2245 866.663
2246 866.9542
2247 867.2414
2248 867.5305
2249 867.8171
2250 868.0991
2251 868.3744
2252 868.6375
2253 868.8903
2254 869.1496
2255 869.4061
2256 869.6573
2257 869.9017
2258 870.1372
2259 870.3678
2260 870.6003
2261 870.8395
2262 871.0691
2263 871.2899
2264 871.5041
2265 871.7202
2266 871.9404
2267 872.1608
2268 872.3848
2269 872.5991
2270 872.8124
2271 873.0079
2272 873.1844
2273 873.3518
2274 873.5222
2275 873.699
2276 873.8855
2277 874.0862
2278 874.3123
2279 874.5491
2280 874.7897
2281 875.032
2282 875.2727
2283 875.5184
2284 875.7723
2285 876.027
2286 876.2831
2287 876.5392
2288 876.7969
2289 877.0538
2290 877.3159
2291 877.5797
2292 877.8497
2293 878.117
2294 878.3742
2295 878.6042
2296 878.8113
2297 879.0104
2298 879.2123
2299 879.4216
2300 879.6436
2301 879.8743
2302 880.1109
2303 880.3508
2304 880.5867
2305 880.8103
2306 881.0162
2307 881.2155
2308 881.4137
2309 881.6181
2310 881.83
2311 882.0428
2312 882.2567
2313 882.4724
2314 882.6891
2315 882.9014
2316 883.1124
2317 883.3143
2318 883.5098
2319 883.7018
2320 883.8978
2321 884.1019
2322 884.3144
2323 884.5248
2324 884.731
2325 884.9325
2326 885.1284
2327 885.327
2328 885.5258
2329 885.7038
2330 885.8644
2331 886.022
2332 886.1779
2333 886.3367
2334 886.4979
2335 886.6609
2336 886.8289
2337 887.0066
2338 887.1865
2339 887.3639
2340 887.5405
2341 887.7196
2342 887.9102
2343 888.1102
2344 888.3151
2345 888.5149
2346 888.7159
2347 888.9329
2348 889.16
2349 889.3826
2350 889.5981
2351 889.8016
2352 889.9965
2353 890.1758
2354 890.3497
2355 890.5233
2356 890.7007
2357 890.8844
2358 891.0557
2359 891.2137
2360 891.3565
2361 891.4807
2362 891.5953
2363 891.7015
2364 891.8088
2365 891.9147
2366 892.0226
2367 892.1221
2368 892.2143
2369 892.3062
2370 892.4097
2371 892.5233
2372 892.6341
2373 892.7341
2374 892.8171
2375 892.891
2376 892.9579
2377 893.0333
2378 893.1093
2379 893.1794
2380 893.2495
2381 893.3191
2382 893.386
2383 893.444
2384 893.5051
2385 893.5577
2386 893.6017
2387 893.6375
2388 893.6703
2389 893.7059
2390 893.7531
2391 893.8111
2392 893.8823
2393 893.9521
2394 894.0178
2395 894.0753
2396 894.1339
2397 894.1943
2398 894.2581
2399 894.3208
2400 894.3882
2401 894.4443
2402 894.4864
2403 894.5173
2404 894.5461
2405 894.5745
2406 894.6058
2407 894.6359
2408 894.6696
2409 894.7057
2410 894.7362
2411 894.7629
2412 894.7936
2413 894.823
2414 894.8457
2415 894.8694
2416 894.8997
2417 894.9336
2418 894.9704
2419 895.0208
2420 895.0806
2421 895.1473
2422 895.2237
2423 895.2932
2424 895.3541
2425 895.3985
2426 895.4413
2427 895.4833
2428 895.5206
2429 895.5497
2430 895.5887
2431 895.6213
2432 895.6484
2433 895.676
2434 895.6918
2435 895.6967
2436 895.6935
2437 895.6874
2438 895.6854
2439 895.6876
2440 895.6904
2441 895.6888
2442 895.6862
2443 895.6812
2444 895.6683
2445 895.647
2446 895.6265
2447 895.6071
2448 895.5894
2449 895.5742
2450 895.5667
2451 895.556
2452 895.5374
2453 895.5098
2454 895.4751
2455 895.4319
2456 895.376
2457 895.3118
2458 895.244
2459 895.176
2460 895.1052
2461 895.0331
2462 894.9716
2463 894.9185
2464 894.8679
2465 894.8172
2466 894.7581
2467 894.6968
2468 894.6351
2469 894.58
2470 894.5185
2471 894.4487
2472 894.3768
2473 894.3087
2474 894.2504
2475 894.1947
2476 894.1405
2477 894.0857
2478 894.0297
2479 893.9733
2480 893.922
2481 893.8811
2482 893.8455
2483 893.8159
2484 893.7861
2485 893.7492
2486 893.7007
2487 893.6372
2488 893.5703
2489 893.4961
2490 893.4144
2491 893.3353
2492 893.2531
2493 893.1685
2494 893.0879
2495 893.016
2496 892.9429
2497 892.8668
2498 892.788
2499 892.7242
2500 892.6654
2501 892.6079
2502 892.5437
2503 892.4702
2504 892.3901
2505 892.3036
2506 892.2156
2507 892.1285
2508 892.0514
2509 891.9835
2510 891.925
2511 891.8602
2512 891.7865
2513 891.7158
2514 891.6567
2515 891.5963
2516 891.5272
2517 891.4509
2518 891.3734
2519 891.2989
2520 891.2142
2521 891.1149
2522 891.0165
2523 890.9222
2524 890.8243
2525 890.7126
2526 890.59
2527 890.4446
2528 890.2852
2529 890.1245
2530 889.972
2531 889.8362
2532 889.7151
2533 889.6033
2534 889.5049
2535 889.4152
2536 889.3334
2537 889.2448
2538 889.1453
2539 889.0309
2540 888.9011
2541 888.7612
2542 888.6191
2543 888.4839
2544 888.3558
2545 888.2315
2546 888.1145
2547 888.0058
2548 887.9135
2549 887.8327
2550 887.7511
2551 887.6707
2552 887.5928
2553 887.5196
2554 887.4466
2555 887.3799
2556 887.3199
2557 887.2632
2558 887.2076
2559 887.1557
2560 887.1027
2561 887.0388
2562 886.9734
2563 886.8952
2564 886.801
2565 886.6931
2566 886.5732
2567 886.4551
2568 886.3299
2569 886.2015
2570 886.0785
2571 885.9579
2572 885.8339
2573 885.7131
2574 885.5972
2575 885.481
2576 885.3561
2577 885.2287
2578 885.0947
2579 884.954
2580 884.8123
2581 884.6671
2582 884.5164
2583 884.3615
2584 884.2057
2585 884.0479
2586 883.8864
2587 883.7278
2588 883.5789
2589 883.4381
2590 883.3032
2591 883.1608
2592 883.0217
2593 882.8812
2594 882.738
2595 882.5887
2596 882.4385
2597 882.2998
2598 882.1666
2599 882.0451
2600 881.9304
2601 881.8171
2602 881.7061
2603 881.5958
2604 881.4929
2605 881.4026
2606 881.3258
2607 881.2581
2608 881.1974
2609 881.139
2610 881.0797
2611 881.0214
2612 880.967
2613 880.9134
2614 880.8635
2615 880.8233
2616 880.7759
2617 880.7178
2618 880.6501
2619 880.5703
2620 880.4809
2621 880.3866
2622 880.285
2623 880.1774
2624 880.0551
2625 879.9279
2626 879.7964
2627 879.6647
2628 879.5335
2629 879.4083
2630 879.2972
2631 879.1907
2632 879.0851
2633 878.9828
2634 878.8803
2635 878.7746
2636 878.6621
2637 878.549
2638 878.44
2639 878.3307
2640 878.2205
2641 878.1042
2642 877.9844
2643 877.8677
2644 877.751
2645 877.6383
2646 877.5207
2647 877.4024
2648 877.2913
2649 877.189
2650 877.1033
2651 877.0294
2652 876.9552
2653 876.887
2654 876.8268
2655 876.7701
2656 876.713
2657 876.6534
2658 876.5907
2659 876.5286
2660 876.4611
2661 876.3934
2662 876.3307
2663 876.2659
2664 876.1951
2665 876.1235
2666 876.0485
2667 875.9722
2668 875.8958
2669 875.8188
2670 875.7416
2671 875.6611
2672 875.5771
2673 875.4853
2674 875.3851
2675 875.2645
2676 875.1303
2677 874.995
2678 874.863
2679 874.7402
2680 874.6279
2681 874.5148
2682 874.3992
2683 874.2815
2684 874.1689
2685 874.0571
2686 873.9416
2687 873.8232
2688 873.708
2689 873.5941
2690 873.4818
2691 873.3803
2692 873.2954
2693 873.2263
2694 873.1702
2695 873.1183
2696 873.0544
2697 872.9829
2698 872.9108
2699 872.8428
2700 872.775
2701 872.7135
2702 872.6514
2703 872.5839
2704 872.5107
2705 872.4282
2706 872.3458
2707 872.2639
2708 872.1781
2709 872.0967
2710 872.0261
2711 871.9719
2712 871.9259
2713 871.8871
2714 871.8555
2715 871.8251
2716 871.7925
2717 871.7588
2718 871.7204
2719 871.6805
2720 871.6411
2721 871.6069
2722 871.5688
2723 871.5219
2724 871.4706
2725 871.4093
2726 871.3401
2727 871.2689
2728 871.2089
2729 871.1579
2730 871.1208
2731 871.0886
2732 871.0683
2733 871.0555
2734 871.0502
2735 871.0659
2736 871.078
2737 871.0908
2738 871.1
2739 871.1193
2740 871.1514
2741 871.1819
2742 871.2111
2743 871.2365
2744 871.2447
2745 871.2313
2746 871.1916
2747 871.1432
2748 871.0927
2749 871.0601
2750 871.0423
2751 871.0236
2752 871.0065
2753 870.9872
2754 870.9662
2755 870.9381
2756 870.901
2757 870.8486
2758 870.7965
2759 870.7482
2760 870.697
2761 870.6462
2762 870.6035
2763 870.5642
2764 870.5359
2765 870.5025
2766 870.4672
2767 870.4297
2768 870.3865
2769 870.3433
2770 870.301
2771 870.2504
2772 870.195
2773 870.1392
2774 870.085
2775 870.0311
2776 869.9752
2777 869.9177
2778 869.8563
2779 869.7955
2780 869.7319
2781 869.6664
2782 869.6004
2783 869.5381
2784 869.4842
2785 869.4462
2786 869.4227
2787 869.4048
2788 869.3859
2789 869.3703
2790 869.3744
2791 869.3931
2792 869.4198
2793 869.4573
2794 869.5052
2795 869.5633
2796 869.6326
2797 869.7058
2798 869.774
2799 869.8375
2800 869.9027
2801 869.9764
2802 870.0556
2803 870.1268
2804 870.1893
2805 870.2437
2806 870.3028
2807 870.3591
2808 870.4153
2809 870.4766
2810 870.5435
2811 870.6129
2812 870.6822
2813 870.7454
2814 870.8058
2815 870.8657
2816 870.9256
2817 870.9861
2818 871.0634
2819 871.1421
2820 871.2173
2821 871.2866
2822 871.3504
2823 871.4085
2824 871.4733
2825 871.5436
2826 871.6052
2827 871.67
2828 871.7271
2829 871.7804
2830 871.8431
2831 871.9182
2832 871.9998
2833 872.0814
2834 872.1606
2835 872.2322
2836 872.2898
2837 872.3373
2838 872.3874
2839 872.4428
2840 872.5045
2841 872.578
2842 872.66
2843 872.7439
2844 872.8337
2845 872.9346
2846 873.0352
2847 873.1328
2848 873.2338
2849 873.3406
2850 873.4532
2851 873.555
2852 873.6469
2853 873.7259
2854 873.8037
2855 873.8817
2856 873.9584
2857 874.0366
2858 874.1038
2859 874.1753
2860 874.2435
2861 874.3043
2862 874.3544
2863 874.3937
2864 874.4361
2865 874.4774
2866 874.519
2867 874.5617
2868 874.6082
2869 874.6622
2870 874.7189
2871 874.7759
2872 874.8282
2873 874.8843
2874 874.9557
2875 875.0334
2876 875.1248
2877 875.2262
2878 875.3425
2879 875.4754
2880 875.5994
2881 875.7172
2882 875.8314
2883 875.9514
2884 876.0859
2885 876.2271
2886 876.3715
2887 876.5132
2888 876.6394
2889 876.7496
2890 876.8467
2891 876.9415
2892 877.0386
2893 877.1395
2894 877.2496
2895 877.3719
2896 877.4994
2897 877.624
2898 877.7459
2899 877.8659
2900 877.9755
2901 878.0768
2902 878.1671
2903 878.2659
2904 878.3778
2905 878.4986
2906 878.6188
2907 878.7314
2908 878.838
2909 878.933
2910 879.0186
2911 879.0969
2912 879.168
2913 879.2386
2914 879.3112
2915 879.3878
2916 879.4677
2917 879.5593
2918 879.6573
2919 879.7532
2920 879.8483
2921 879.9468
2922 880.0489
2923 880.1492
2924 880.2483
2925 880.347
2926 880.4492
2927 880.55
2928 880.6495
2929 880.7499
2930 880.8575
2931 880.9741
2932 881.0788
2933 881.1702
2934 881.2579
2935 881.3439
2936 881.4299
2937 881.5197
2938 881.6014
2939 881.6635
2940 881.7231
2941 881.7763
2942 881.8341
2943 881.8913
2944 881.9396
2945 881.9851
2946 882.0303
2947 882.0764
2948 882.1337
2949 882.1938
2950 882.2486
2951 882.3008
2952 882.3526
2953 882.4092
2954 882.4756
2955 882.5486
2956 882.6199
2957 882.6772
2958 882.7268
2959 882.7778
2960 882.8278
2961 882.8771
2962 882.9318
2963 882.9932
2964 883.0663
2965 883.1429
2966 883.2148
2967 883.2792
2968 883.3385
2969 883.4015
2970 883.4657
2971 883.5239
2972 883.5782
2973 883.6326
2974 883.6848
2975 883.7343
2976 883.7818
2977 883.8296
2978 883.877
2979 883.934
2980 883.9905
2981 884.0366
2982 884.0862
2983 884.1414
2984 884.1862
2985 884.2206
2986 884.2502
2987 884.2733
2988 884.2895
2989 884.3018
2990 884.3104
2991 884.3238
2992 884.3368
2993 884.3479
2994 884.3574
2995 884.3608
2996 884.3662
2997 884.3774
2998 884.3873
2999 884.3981
3000 884.4087
3001 884.4212
3002 884.4448
3003 884.4766
3004 884.5152
3005 884.5541
3006 884.5974
3007 884.6422
3008 884.6946
3009 884.7534
3010 884.8212
3011 884.8907
3012 884.9604
3013 885.0297
3014 885.1002
3015 885.169
3016 885.2333
3017 885.2946
3018 885.353
3019 885.4003
3020 885.438
3021 885.4734
3022 885.5035
3023 885.5292
3024 885.5554
3025 885.5839
3026 885.6113
3027 885.6409
3028 885.6656
3029 885.6851
3030 885.6967
3031 885.7083
3032 885.7137
3033 885.7096
3034 885.7064
3035 885.7091
3036 885.7164
3037 885.7308
3038 885.7583
3039 885.7888
3040 885.8146
3041 885.8401
3042 885.8662
3043 885.8853
3044 885.9042
3045 885.9221
3046 885.9347
3047 885.9481
3048 885.9634
3049 885.9756
3050 885.9863
3051 885.9868
3052 885.9769
3053 885.9564
3054 885.9347
3055 885.9077
3056 885.8741
3057 885.8334
3058 885.7978
3059 885.7619
3060 885.7216
3061 885.6728
3062 885.6263
3063 885.5781
3064 885.5333
3065 885.4899
3066 885.4413
3067 885.3957
3068 885.3516
3069 885.3115
3070 885.2678
3071 885.2178
3072 885.1683
3073 885.1191
3074 885.0737
3075 885.033
3076 884.9992
3077 884.9755
3078 884.9556
3079 884.9338
3080 884.9085
3081 884.8829
3082 884.8587
3083 884.8435
3084 884.8326
3085 884.8233
3086 884.8113
3087 884.7974
3088 884.7773
3089 884.746
3090 884.7117
3091 884.6821
3092 884.6614
3093 884.652
3094 884.6445
3095 884.631
3096 884.6108
3097 884.5864
3098 884.5663
3099 884.55
3100 884.5447
3101 884.5384
3102 884.5272
3103 884.5166
3104 884.5023
3105 884.4818
3106 884.4636
3107 884.4418
3108 884.4182
3109 884.4013
3110 884.3848
3111 884.3655
3112 884.3376
3113 884.3062
3114 884.2739
3115 884.2441
3116 884.2191
3117 884.1946
3118 884.1726
3119 884.1561
3120 884.1515
3121 884.1485
3122 884.1416
3123 884.1262
3124 884.1022
3125 884.0712
3126 884.0308
3127 883.9841
3128 883.9388
3129 883.8958
3130 883.8567
3131 883.8203
3132 883.787
3133 883.7576
3134 883.7413
3135 883.7249
3136 883.7015
3137 883.6696
3138 883.638
3139 883.6106
3140 883.5762
3141 883.53
3142 883.4822
3143 883.4408
3144 883.3948
3145 883.3467
3146 883.2952
3147 883.2425
3148 883.1796
3149 883.1124
3150 883.0447
3151 882.9756
3152 882.9009
3153 882.8259
3154 882.7401
3155 882.6516
3156 882.5602
3157 882.4676
3158 882.3729
3159 882.278
3160 882.1844
3161 882.0896
3162 881.9971
3163 881.904
3164 881.8153
3165 881.7296
3166 881.6448
3167 881.5603
3168 881.4724
3169 881.3928
3170 881.3184
3171 881.2481
3172 881.1846
3173 881.125
3174 881.0693
3175 881.0185
3176 880.9716
3177 880.926
3178 880.8839
3179 880.8455
3180 880.8127
3181 880.7859
3182 880.7643
3183 880.7422
3184 880.7141
3185 880.6816
3186 880.6493
3187 880.6155
3188 880.5748
3189 880.5264
3190 880.4747
3191 880.425
3192 880.3804
3193 880.3357
3194 880.2891
3195 880.2396
3196 880.1837
3197 880.1248
3198 880.0623
3199 879.9978
3200 879.9331
3201 879.8679
3202 879.7991
3203 879.7255
3204 879.6519
3205 879.5814
3206 879.5149
3207 879.4497
3208 879.3875
3209 879.327
3210 879.2703
3211 879.2189
3212 879.1721
3213 879.131
3214 879.0961
3215 879.0647
3216 879.0373
3217 879.0145
3218 878.9901
3219 878.9711
3220 878.9521
3221 878.9349
3222 878.921
3223 878.9066
3224 878.892
3225 878.8781
3226 878.8664
3227 878.8576
3228 878.8524
3229 878.8511
3230 878.8566
3231 878.8674
3232 878.8813
3233 878.8958
3234 878.9077
3235 878.9142
3236 878.9097
3237 878.8973
3238 878.8777
3239 878.8469
3240 878.8033
3241 878.7509
3242 878.6921
3243 878.6319
3244 878.5785
3245 878.528
3246 878.4728
3247 878.4076
3248 878.3376
3249 878.2691
3250 878.2043
3251 878.1414
3252 878.0771
3253 878.0101
3254 877.9432
3255 877.8795
3256 877.819
3257 877.7642
3258 877.7157
3259 877.6682
3260 877.6232
3261 877.5777
3262 877.5312
3263 877.4794
3264 877.4252
3265 877.3726
3266 877.3305
3267 877.2953
3268 877.2735
3269 877.268
3270 877.2738
3271 877.2885
3272 877.3055
3273 877.3154
3274 877.3257
3275 877.3419
3276 877.3677
3277 877.4031
3278 877.4402
3279 877.4811
3280 877.5247
3281 877.5728
3282 877.6221
3283 877.6772
3284 877.7363
3285 877.8022
3286 877.8648
3287 877.9239
3288 877.9739
3289 878.0145
3290 878.0527
3291 878.0754
3292 878.0882
3293 878.0903
3294 878.0846
3295 878.0654
3296 878.0309
3297 877.994
3298 877.9571
3299 877.913
3300 877.8484
3301 877.7761
3302 877.7051
3303 877.6422
3304 877.5916
3305 877.5421
3306 877.4869
3307 877.428
3308 877.3651
3309 877.2978
3310 877.223
3311 877.1466
3312 877.0782
3313 877.0228
3314 876.9654
3315 876.9018
3316 876.8421
3317 876.783
3318 876.7241
3319 876.6631
3320 876.6
3321 876.5408
3322 876.4959
3323 876.4589
3324 876.4296
3325 876.4052
3326 876.3886
3327 876.376
3328 876.3599
3329 876.3376
3330 876.3188
3331 876.3006
3332 876.276
3333 876.2505
3334 876.2281
3335 876.1987
3336 876.1655
3337 876.1306
3338 876.0873
3339 876.0428
3340 875.9947
3341 875.938
3342 875.8702
3343 875.7916
3344 875.711
3345 875.6262
3346 875.5409
3347 875.4604
3348 875.3809
3349 875.291
3350 875.1957
3351 875.1005
3352 875.0112
3353 874.9268
3354 874.848
3355 874.7822
3356 874.7285
3357 874.6883
3358 874.6558
3359 874.6309
3360 874.6116
3361 874.6086
3362 874.6119
3363 874.6149
3364 874.6263
3365 874.6423
3366 874.6598
3367 874.6777
3368 874.6893
3369 874.7001
3370 874.7006
3371 874.699
3372 874.6974
3373 874.693
3374 874.6835
3375 874.6678
3376 874.6508
3377 874.6346
3378 874.6256
3379 874.6227
3380 874.6225
3381 874.6289
3382 874.6296
3383 874.6234
3384 874.6113
3385 874.5915
3386 874.5692
3387 874.5486
3388 874.5199
3389 874.4851
3390 874.4503
3391 874.4144
3392 874.3829
3393 874.3574
3394 874.3303
3395 874.3007
3396 874.2742
3397 874.2538
3398 874.238
3399 874.227
3400 874.2205
3401 874.234
3402 874.2563
3403 874.2801
3404 874.3066
3405 874.3253
3406 874.3508
3407 874.3824
3408 874.419
3409 874.4599
3410 874.4995
3411 874.5409
3412 874.5859
3413 874.6323
3414 874.6773
3415 874.7201
3416 874.7596
3417 874.8093
3418 874.8657
3419 874.9218
3420 874.9742
3421 875.029
3422 875.0818
3423 875.1358
3424 875.1856
3425 875.2311
3426 875.2753
3427 875.3212
3428 875.3647
3429 875.4153
3430 875.465
3431 875.5149
3432 875.5661
3433 875.6193
3434 875.6701
3435 875.7178
3436 875.7642
3437 875.8049
3438 875.8407
3439 875.8744
3440 875.9183
3441 875.968
3442 876.0212
3443 876.0711
3444 876.1119
3445 876.149
3446 876.1879
3447 876.228
3448 876.2756
3449 876.3272
3450 876.3835
3451 876.4418
3452 876.5023
3453 876.5643
3454 876.6274
3455 876.6949
3456 876.7635
3457 876.8231
3458 876.8698
3459 876.9075
3460 876.9431
3461 876.9827
3462 877.0264
3463 877.073
3464 877.1235
3465 877.1843
3466 877.2493
3467 877.312
3468 877.3707
3469 877.4329
3470 877.4819
3471 877.5197
3472 877.5483
3473 877.5605
3474 877.5677
3475 877.5785
3476 877.5857
3477 877.5867
3478 877.5884
3479 877.5912
3480 877.6039
3481 877.6188
3482 877.6314
3483 877.6458
3484 877.6632
3485 877.6829
3486 877.6982
3487 877.7119
3488 877.733
3489 877.7598
3490 877.7848
3491 877.8088
3492 877.8334
3493 877.8564
3494 877.8828
3495 877.9117
3496 877.9398
3497 877.9717
3498 877.9943
3499 877.9965
3500 877.9874
3501 877.977
3502 877.9723
3503 877.971
3504 877.9818
3505 877.999
3506 878.0164
3507 878.0325
3508 878.0534
3509 878.0759
3510 878.1014
3511 878.1299
3512 878.1622
3513 878.1934
3514 878.2205
3515 878.2449
3516 878.2603
3517 878.2756
3518 878.2905
3519 878.3063
3520 878.3287
3521 878.3514
3522 878.3745
3523 878.3964
3524 878.4188
3525 878.4412
3526 878.4635
3527 878.4865
3528 878.5078
3529 878.5292
3530 878.5469
3531 878.5645
3532 878.5787
3533 878.5895
3534 878.5996
3535 878.6107
3536 878.6213
3537 878.6342
3538 878.6461
3539 878.6546
3540 878.6667
3541 878.6835
3542 878.7062
3543 878.7319
3544 878.765
3545 878.8017
3546 878.8431
3547 878.8935
3548 878.951
3549 879.0115
3550 879.0784
3551 879.1471
3552 879.2204
3553 879.2991
3554 879.3826
3555 879.472
3556 879.5646
3557 879.6561
3558 879.7445
3559 879.8331
3560 879.917
3561 880.0101
3562 880.1056
3563 880.2006
3564 880.2993
3565 880.3981
3566 880.4869
3567 880.5626
3568 880.6339
3569 880.6948
3570 880.752
3571 880.8112
3572 880.872
3573 880.9263
3574 880.973
3575 881.013
3576 881.0393
3577 881.0569
3578 881.0726
3579 881.0867
3580 881.0946
3581 881.1072
3582 881.1166
3583 881.1212
3584 881.1147
3585 881.1044
3586 881.0968
3587 881.0947
3588 881.0927
3589 881.0865
3590 881.0848
3591 881.0906
3592 881.1043
3593 881.1161
3594 881.1071
3595 881.0917
3596 881.0732
3597 881.056
3598 881.0429
3599 881.0374
3600 881.039
3601 881.0466
3602 881.0574
3603 881.0652
3604 881.0706
3605 881.0766
3606 881.0865
3607 881.0985
3608 881.1136
3609 881.1366
3610 881.1714
3611 881.2142
3612 881.2573
3613 881.3012
3614 881.3453
3615 881.3875
3616 881.4349
3617 881.4996
3618 881.5824
3619 881.6664
3620 881.736
3621 881.7942
3622 881.845
3623 881.8989
3624 881.9578
3625 882.0191
3626 882.075
3627 882.1196
3628 882.1544
3629 882.1826
3630 882.2088
3631 882.2319
3632 882.2521
3633 882.2691
3634 882.2792
3635 882.2784
3636 882.2695
3637 882.263
3638 882.2571
3639 882.2551
3640 882.2548
3641 882.2661
3642 882.2866
3643 882.3135
3644 882.3403
3645 882.3666
3646 882.3901
3647 882.4138
3648 882.4363
3649 882.4604
3650 882.4872
3651 882.5146
3652 882.5479
3653 882.5898
3654 882.6362
3655 882.6907
3656 882.749
3657 882.802
3658 882.8438
3659 882.8717
3660 882.8867
3661 882.8927
3662 882.8877
3663 882.8765
3664 882.8575
3665 882.8363
3666 882.8145
3667 882.7928
3668 882.7701
3669 882.7325
3670 882.6909
3671 882.6361
3672 882.5837
3673 882.5294
3674 882.4747
3675 882.4222
3676 882.3798
3677 882.3445
3678 882.3028
3679 882.2554
3680 882.2146
3681 882.1793
3682 882.1461
3683 882.1102
3684 882.0803
3685 882.053
3686 882.0311
3687 882.0162
3688 882.0027
3689 881.9837
3690 881.9602
3691 881.9388
3692 881.9212
3693 881.9055
3694 881.8826
3695 881.8531
3696 881.8237
3697 881.7979
3698 881.7642
3699 881.7326
3700 881.6965
3701 881.6507
3702 881.5953
3703 881.5253
3704 881.4418
3705 881.3561
3706 881.2716
3707 881.1831
3708 881.1008
3709 881.0317
3710 880.9724
3711 880.9186
3712 880.8715
3713 880.835
3714 880.7969
3715 880.7498
3716 880.6969
3717 880.6566
3718 880.6212
3719 880.5852
3720 880.5485
3721 880.5266
3722 880.5162
3723 880.5025
3724 880.4811
3725 880.4543
3726 880.4275
3727 880.4059
3728 880.3893
3729 880.3757
3730 880.3661
3731 880.362
3732 880.3757
3733 880.3892
3734 880.3953
3735 880.4015
3736 880.411
3737 880.4233
3738 880.4387
3739 880.4573
3740 880.4913
3741 880.5248
3742 880.5536
3743 880.5753
3744 880.5842
3745 880.5814
3746 880.5703
3747 880.5606
3748 880.5529
3749 880.548
3750 880.5415
3751 880.5308
3752 880.5186
3753 880.4976
3754 880.4734
3755 880.4516
3756 880.4286
3757 880.4059
3758 880.3853
3759 880.3664
3760 880.3492
3761 880.3333
3762 880.3185
3763 880.306
3764 880.2939
3765 880.287
3766 880.2865
3767 880.2972
3768 880.3077
3769 880.3151
3770 880.3242
3771 880.341
3772 880.359
3773 880.3776
3774 880.3967
3775 880.4165
3776 880.4292
3777 880.4288
3778 880.4111
3779 880.3788
3780 880.3419
3781 880.3062
3782 880.2727
3783 880.2418
3784 880.2084
3785 880.1826
3786 880.1588
3787 880.1406
3788 880.1263
3789 880.1125
3790 880.0956
3791 880.0766
3792 880.0542
3793 880.0289
3794 879.9973
3795 879.9656
3796 879.9337
3797 879.8964
3798 879.8562
3799 879.8164
3800 879.7759
3801 879.7365
3802 879.6962
3803 879.6482
3804 879.6002
3805 879.55
3806 879.496
3807 879.4317
3808 879.3698
3809 879.3125
3810 879.2535
3811 879.1976
3812 879.1445
3813 879.0945
3814 879.0422
3815 878.9885
3816 878.9368
3817 878.8927
3818 878.8431
3819 878.7896
3820 878.739
3821 878.6959
3822 878.6628
3823 878.6331
3824 878.6077
3825 878.5847
3826 878.5663
3827 878.5528
3828 878.5409
3829 878.5322
3830 878.5161
3831 878.4974
3832 878.478
3833 878.4501
3834 878.4158
3835 878.3798
3836 878.3502
3837 878.3237
3838 878.3003
3839 878.2963
3840 878.2984
3841 878.2966
3842 878.2893
3843 878.2742
3844 878.2526
3845 878.2206
3846 878.1904
3847 878.1657
3848 878.1444
3849 878.1163
3850 878.0797
3851 878.04
3852 878.008
3853 877.9773
3854 877.9477
3855 877.919
3856 877.8831
3857 877.8419
3858 877.7927
3859 877.7344
3860 877.6713
3861 877.6111
3862 877.5469
3863 877.4816
3864 877.4169
3865 877.3542
3866 877.3009
3867 877.248
3868 877.19
3869 877.1342
3870 877.0796
3871 877.022
3872 876.9641
3873 876.91
3874 876.8676
3875 876.8363
3876 876.8113
3877 876.7855
3878 876.7603
3879 876.7397
3880 876.7231
3881 876.7033
3882 876.6815
3883 876.6641
3884 876.6508
3885 876.6315
3886 876.6039
3887 876.5715
3888 876.5443
3889 876.5254
3890 876.5143
3891 876.5113
3892 876.5096
3893 876.5028
3894 876.4885
3895 876.4729
3896 876.4573
3897 876.4452
3898 876.4315
3899 876.4115
3900 876.3865
3901 876.3635
3902 876.3312
3903 876.296
3904 876.2647
3905 876.2333
3906 876.2001
3907 876.1693
3908 876.1434
3909 876.1201
3910 876.1008
3911 876.0861
3912 876.0824
3913 876.0829
3914 876.087
3915 876.0912
3916 876.0954
3917 876.1116
3918 876.1348
3919 876.1625
3920 876.1915
3921 876.2233
3922 876.2578
3923 876.2872
3924 876.3134
3925 876.3348
3926 876.3472
3927 876.3572
3928 876.368
3929 876.3755
3930 876.3809
3931 876.3851
3932 876.3894
3933 876.3909
3934 876.3965
3935 876.4055
3936 876.4145
3937 876.4232
3938 876.4319
3939 876.441
3940 876.4528
3941 876.4637
3942 876.4774
3943 876.4952
3944 876.5194
3945 876.5386
3946 876.56
3947 876.5824
3948 876.609
3949 876.636
3950 876.6642
3951 876.6907
3952 876.7206
3953 876.7572
3954 876.7972
3955 876.8412
3956 876.8954
3957 876.948
3958 876.9996
3959 877.0449
3960 877.0867
3961 877.1243
3962 877.1593
3963 877.2
3964 877.2428
3965 877.2731
3966 877.2955
3967 877.311
3968 877.322
3969 877.3392
3970 877.3641
3971 877.3915
3972 877.4118
3973 877.4323
3974 877.4537
3975 877.4772
3976 877.5003
3977 877.5356
3978 877.584
3979 877.6289
3980 877.6632
3981 877.6917
3982 877.7163
3983 877.736
3984 877.7567
3985 877.7849
3986 877.8235
3987 877.8642
3988 877.9018
3989 877.9423
3990 877.9799
3991 878.0146
3992 878.0518
3993 878.0851
3994 878.1071
3995 878.1216
3996 878.1285
3997 878.1313
3998 878.1335
3999 878.1392
4000 878.1588
