"report-def-0-rfile"
"Iteration" "report-def-0"
("Iteration" "report-def-0")
1 4408.83
2 4012.801
3 3734.771
4 3562.235
5 3532.883
6 3550.876
7 3573.15
8 3594.535
9 3611.604
10 3624.742
11 3634.84
12 3639.105
13 3636.2
14 3639.035
15 3639.194
16 3632.404
17 3618.716
18 3602.077
19 3584.003
20 3565.33
21 3546.528
22 3527.702
23 3509.756
24 3492.58
25 3476.124
26 3460.308
27 3445.212
28 3430.776
29 3416.901
30 3402.929
31 3388.616
32 3373.397
33 3357.337
34 3340.673
35 3323.598
36 3306.17
37 3288.126
38 3269.605
39 3250.298
40 3229.569
41 3207.828
42 3185.81
43 3162.773
44 3138.952
45 3114.125
46 3088.011
47 3060.556
48 3031.77
49 3001.892
50 2971.042
51 2939.37
52 2907.579
53 2875.947
54 2844.971
55 2814.042
56 2783.389
57 2753.165
58 2723.578
59 2694.242
60 2665.691
61 2638.211
62 2612.293
63 2588.065
64 2565.556
65 2544.89
66 2525.456
67 2507.434
68 2490.571
69 2474.925
70 2460.446
71 2446.902
72 2434.182
73 2421.877
74 2409.521
75 2397.732
76 2386.586
77 2375.938
78 2365.707
79 2355.81
80 2346.131
81 2336.472
82 2326.677
83 2316.678
84 2306.296
85 2295.373
86 2283.974
87 2272.025
88 2259.369
89 2246.109
90 2232.346
91 2218.185
92 2203.76
93 2189.175
94 2174.44
95 2159.633
96 2144.78
97 2130.165
98 2115.514
99 2100.817
100 2085.923
101 2070.801
102 2055.405
103 2039.696
104 2023.673
105 2007.368
106 1990.881
107 1974.254
108 1957.563
109 1940.807
110 1924.13
111 1907.699
112 1891.66
113 1875.964
114 1860.753
115 1846.015
116 1831.611
117 1817.353
118 1803.193
119 1789.014
120 1774.706
121 1760.228
122 1745.414
123 1730.496
124 1715.361
125 1699.689
126 1683.363
127 1666.415
128 1649.129
129 1631.799
130 1614.583
131 1597.906
132 1581.427
133 1565.354
134 1549.854
135 1535.357
136 1522.749
137 1510.796
138 1499.611
139 1488.947
140 1478.845
141 1469.196
142 1460.056
143 1451.191
144 1442.605
145 1434.082
146 1425.375
147 1416.375
148 1407.044
149 1397.309
150 1387.13
151 1376.538
152 1365.531
153 1354.167
154 1342.413
155 1330.27
156 1317.821
157 1305.016
158 1291.818
159 1278.248
160 1264.36
161 1250.339
162 1236.401
163 1222.515
164 1208.635
165 1194.805
166 1181.007
167 1167.251
168 1153.539
169 1139.862
170 1126.17
171 1112.448
172 1098.667
173 1084.782
174 1070.678
175 1056.367
176 1042.116
177 1027.939
178 1013.894
179 1000.029
180 986.4006
181 973.0203
182 959.9102
183 947.0729
184 934.5154
185 922.2513
186 910.2566
187 898.5327
188 887.082
189 875.9069
190 865.0818
191 854.6863
192 844.6261
193 834.8879
194 825.4609
195 816.3336
196 807.4896
197 798.9722
198 790.7186
199 782.728
200 774.9797
201 767.48
202 760.2716
203 753.3705
204 746.8034
205 740.4821
206 734.5657
207 729.1859
208 724.31
209 719.7649
210 715.6533
211 711.955
212 708.8819
213 706.3698
214 704.348
215 702.8882
216 701.8271
217 701.0038
218 700.4164
219 700.4277
220 700.8541
221 701.5325
222 702.5443
223 703.8932
224 705.5218
225 707.4186
226 709.5694
227 711.9977
228 714.6484
229 717.4473
230 720.3807
231 723.4086
232 726.5601
233 729.8457
234 733.2446
235 736.7398
236 740.3231
237 743.9975
238 747.7518
239 751.5511
240 755.3886
241 759.2766
242 763.1837
243 767.0587
244 770.8365
245 774.4674
246 777.8988
247 781.0854
248 784.0186
249 786.6751
250 789.019
251 791.061
252 792.8171
253 794.3082
254 795.5546
255 796.6187
256 797.5234
257 798.2925
258 798.9741
259 799.6205
260 800.2538
261 800.8959
262 801.5798
263 802.3149
264 803.1083
265 803.9742
266 804.879
267 805.7809
268 806.6535
269 807.5027
270 808.3127
271 809.0613
272 809.7171
273 810.2531
274 810.6407
275 810.8353
276 810.9083
277 810.7922
278 810.4832
279 810.0168
280 809.3698
281 808.5572
282 807.5953
283 806.5038
284 805.2676
285 803.9033
286 802.4253
287 800.8438
288 799.1944
289 797.4374
290 795.5495
291 793.6019
292 791.5927
293 789.5297
294 787.4612
295 785.33
296 783.1351
297 780.886
298 778.5923
299 776.2635
300 773.9114
301 771.5475
302 769.2001
303 766.8696
304 764.5532
305 762.2597
306 760.0076
307 757.8052
308 755.6585
309 753.5682
310 751.512
311 749.546
312 747.6024
313 745.7047
314 743.8262
315 741.9562
316 740.0837
317 738.2001
318 736.3057
319 734.3906
320 732.4627
321 730.4795
322 728.4417
323 726.3609
324 724.2399
325 722.0563
326 719.9035
327 717.7661
328 715.6555
329 713.5856
330 711.5071
331 709.3348
332 707.2117
333 705.136
334 703.1282
335 701.1245
336 699.1426
337 697.1729
338 695.2488
339 693.3679
340 691.5215
341 689.6916
342 687.8969
343 686.159
344 684.4521
345 682.7861
346 681.1429
347 679.5383
348 677.9612
349 676.3832
350 674.7914
351 673.1835
352 671.5608
353 669.9407
354 668.2926
355 666.6113
356 664.897
357 663.1383
358 661.3423
359 659.5145
360 657.6573
361 655.7825
362 653.8951
363 652.0009
364 650.1072
365 648.2214
366 646.3426
367 644.48
368 642.6393
369 640.819
370 639.0391
371 637.2977
372 635.5944
373 633.9264
374 632.2858
375 630.6707
376 629.0761
377 627.5044
378 625.9594
379 624.4359
380 622.934
381 621.4559
382 620.0027
383 618.5718
384 617.1786
385 615.8288
386 614.5179
387 613.2512
388 612.025
389 610.8413
390 609.7142
391 608.6462
392 607.6452
393 606.7146
394 605.856
395 605.0692
396 604.3597
397 603.7298
398 603.1815
399 602.7138
400 602.3264
401 602.0172
402 601.7784
403 601.6093
404 601.5057
405 601.4797
406 601.5323
407 601.6619
408 601.8688
409 602.1523
410 602.5135
411 602.941
412 603.4467
413 604.0297
414 604.6883
415 605.4216
416 606.2288
417 607.114
418 608.0817
419 609.1101
420 610.1973
421 611.3415
422 612.5364
423 613.7764
424 615.056
425 616.3724
426 617.7257
427 619.1136
428 620.5254
429 621.9581
430 623.4091
431 624.8755
432 626.3549
433 627.8445
434 629.3428
435 630.8466
436 632.3527
437 633.8561
438 635.3494
439 636.8261
440 638.2811
441 639.7083
442 641.094
443 642.4254
444 643.6976
445 644.9211
446 646.0942
447 647.2179
448 648.2973
449 649.3395
450 650.3519
451 651.3417
452 652.3148
453 653.2765
454 654.2323
455 655.1945
456 656.1702
457 657.1577
458 658.1869
459 659.2646
460 660.3714
461 661.4991
462 662.6328
463 663.7726
464 664.9075
465 666.0255
466 667.114
467 668.1586
468 669.1456
469 670.0622
470 670.8965
471 671.6384
472 672.2808
473 672.8178
474 673.2444
475 673.5575
476 673.7554
477 673.8432
478 673.8235
479 673.7095
480 673.4982
481 673.1964
482 672.8139
483 672.3754
484 671.8776
485 671.3259
486 670.7339
487 670.1125
488 669.4684
489 668.8076
490 668.1354
491 667.4539
492 666.7609
493 666.0536
494 665.3304
495 664.5883
496 663.8258
497 663.0367
498 662.2142
499 661.3522
500 660.4454
501 659.4898
502 658.4819
503 657.4188
504 656.2993
505 655.1218
506 653.885
507 652.5893
508 651.2358
509 649.8276
510 648.3675
511 646.8574
512 645.3004
513 643.6989
514 642.0559
515 640.3783
516 638.6674
517 636.9274
518 635.1622
519 633.3748
520 631.5682
521 629.7475
522 627.9194
523 626.0767
524 624.2242
525 622.3674
526 620.5151
527 618.673
528 616.8364
529 615.009
530 613.2064
531 611.4351
532 609.6808
533 607.9485
534 606.2426
535 604.5629
536 602.9135
537 601.2982
538 599.7174
539 598.1723
540 596.6601
541 595.1506
542 593.6846
543 592.263
544 590.8831
545 589.5415
546 588.2346
547 586.9664
548 585.7268
549 584.5123
550 583.3234
551 582.161
552 581.0244
553 579.9133
554 578.829
555 577.7714
556 576.7418
557 575.7415
558 574.769
559 573.8218
560 572.9091
561 572.0259
562 571.1713
563 570.3451
564 569.5479
565 568.7805
566 568.0445
567 567.3456
568 566.6831
569 566.0527
570 565.4556
571 564.892
572 564.3625
573 563.8685
574 563.4116
575 562.9917
576 562.6069
577 562.259
578 561.9486
579 561.6752
580 561.4367
581 561.2314
582 561.0594
583 560.9189
584 560.8074
585 560.7212
586 560.6584
587 560.618
588 560.5991
589 560.5878
590 560.576
591 560.5939
592 560.637
593 560.7019
594 560.7853
595 560.8847
596 560.9986
597 561.1251
598 561.2634
599 561.413
600 561.5733
601 561.744
602 561.9243
603 562.1146
604 562.3145
605 562.524
606 562.7435
607 562.9729
608 563.212
609 563.4615
610 563.7215
611 563.9916
612 564.2722
613 564.5625
614 564.8622
615 565.1713
616 565.4879
617 565.8118
618 566.1432
619 566.4816
620 566.8268
621 567.1771
622 567.5318
623 567.8904
624 568.2523
625 568.6154
626 568.9781
627 569.3423
628 569.7071
629 570.0725
630 570.434
631 570.7898
632 571.1381
633 571.4802
634 571.8141
635 572.1384
636 572.4513
637 572.7524
638 573.0406
639 573.3144
640 573.5684
641 573.7856
642 573.9903
643 574.1816
644 574.3577
645 574.5165
646 574.6575
647 574.7794
648 574.8818
649 574.9559
650 574.993
651 575.0157
652 575.0219
653 575.0095
654 574.9772
655 574.9241
656 574.8495
657 574.7532
658 574.6342
659 574.4926
660 574.3287
661 574.142
662 573.9336
663 573.7033
664 573.4521
665 573.1861
666 572.8977
667 572.5873
668 572.2562
669 571.9056
670 571.5337
671 571.141
672 570.7285
673 570.2971
674 569.8475
675 569.3804
676 568.8959
677 568.395
678 567.8782
679 567.3459
680 566.7984
681 566.2366
682 565.6603
683 565.0704
684 564.4666
685 563.8488
686 563.2178
687 562.5742
688 561.9202
689 561.2567
690 560.584
691 559.902
692 559.2112
693 558.5128
694 557.8076
695 557.0942
696 556.3749
697 555.6499
698 554.9196
699 554.184
700 553.4441
701 552.7007
702 551.9551
703 551.2083
704 550.462
705 549.7177
706 548.9739
707 548.2278
708 547.4901
709 546.7607
710 546.04
711 545.3278
712 544.6241
713 543.9293
714 543.2432
715 542.5661
716 541.8979
717 541.2382
718 540.5863
719 539.9418
720 539.3046
721 538.6744
722 538.051
723 537.4346
724 536.8246
725 536.2216
726 535.6251
727 535.0352
728 534.4518
729 533.8747
730 533.3048
731 532.7423
732 532.1867
733 531.6382
734 531.0966
735 530.5608
736 530.0307
737 529.5058
738 528.9858
739 528.4714
740 527.9625
741 527.4595
742 526.9625
743 526.4725
744 525.9907
745 525.5181
746 525.055
747 524.6011
748 524.1567
749 523.7217
750 523.2962
751 522.8799
752 522.4725
753 522.075
754 521.6877
755 521.31
756 520.9417
757 520.5823
758 520.2312
759 519.8883
760 519.5535
761 519.2267
762 518.9089
763 518.6004
764 518.3011
765 518.0104
766 517.7278
767 517.4542
768 517.1902
769 516.9326
770 516.6815
771 516.438
772 516.202
773 515.9735
774 515.7523
775 515.5384
776 515.3316
777 515.1324
778 514.9412
779 514.7576
780 514.5812
781 514.4121
782 514.2505
783 514.0962
784 513.9487
785 513.8076
786 513.6726
787 513.5437
788 513.4205
789 513.3027
790 513.1904
791 513.0833
792 512.981
793 512.8828
794 512.7878
795 512.6962
796 512.6073
797 512.5214
798 512.4379
799 512.3585
800 512.2815
801 512.2064
802 512.1331
803 512.0611
804 511.9906
805 511.9213
806 511.8535
807 511.787
808 511.7215
809 511.6575
810 511.5947
811 511.5331
812 511.4727
813 511.4135
814 511.3559
815 511.2993
816 511.2438
817 511.1892
818 511.1354
819 511.0822
820 511.0295
821 510.9768
822 510.9236
823 510.8698
824 510.8155
825 510.7603
826 510.7039
827 510.6457
828 510.5853
829 510.5226
830 510.4577
831 510.3901
832 510.32
833 510.2473
834 510.1721
835 510.094
836 510.0131
837 509.9291
838 509.8419
839 509.7514
840 509.6571
841 509.5588
842 509.4565
843 509.3497
844 509.2382
845 509.1213
846 508.9989
847 508.871
848 508.7384
849 508.6013
850 508.4607
851 508.3165
852 508.1687
853 508.0169
854 507.861
855 507.7011
856 507.5374
857 507.3701
858 507.1992
859 507.0251
860 506.8479
861 506.6673
862 506.4835
863 506.2964
864 506.1064
865 505.9133
866 505.7175
867 505.5193
868 505.319
869 505.1171
870 504.9138
871 504.7089
872 504.503
873 504.2958
874 504.0875
875 503.8782
876 503.6679
877 503.4567
878 503.2449
879 503.0322
880 502.8188
881 502.6047
882 502.3895
883 502.173
884 501.9549
885 501.7349
886 501.513
887 501.2891
888 501.063
889 500.8348
890 500.6045
891 500.3708
892 500.1352
893 499.8977
894 499.6587
895 499.418
896 499.176
897 498.9323
898 498.6873
899 498.4408
900 498.1932
901 497.9442
902 497.6938
903 497.4424
904 497.1902
905 496.9369
906 496.6831
907 496.4289
908 496.1741
909 495.9189
910 495.6637
911 495.4085
912 495.1534
913 494.899
914 494.6453
915 494.3919
916 494.1392
917 493.8871
918 493.6361
919 493.3872
920 493.14
921 492.8945
922 492.6508
923 492.4089
924 492.1686
925 491.9301
926 491.6931
927 491.4579
928 491.2248
929 490.9938
930 490.7646
931 490.5374
932 490.3118
933 490.0882
934 489.8663
935 489.6458
936 489.4268
937 489.209
938 488.9924
939 488.7772
940 488.563
941 488.3499
942 488.138
943 487.9272
944 487.7177
945 487.5092
946 487.3017
947 487.0955
948 486.8901
949 486.686
950 486.4831
951 486.2814
952 486.0805
953 485.8807
954 485.6816
955 485.4836
956 485.2861
957 485.0895
958 484.8935
959 484.6984
960 484.5038
961 484.31
962 484.1169
963 483.9246
964 483.7331
965 483.5421
966 483.352
967 483.1627
968 482.9739
969 482.7857
970 482.5982
971 482.4116
972 482.2258
973 482.0412
974 481.8578
975 481.676
976 481.4956
977 481.3169
978 481.14
979 480.9648
980 480.792
981 480.6212
982 480.4525
983 480.2862
984 480.1227
985 479.9618
986 479.8037
987 479.6485
988 479.4966
989 479.3477
990 479.2021
991 479.0598
992 478.9207
993 478.7849
994 478.6529
995 478.5242
996 478.3987
997 478.2766
998 478.1572
999 478.0407
1000 477.927
1001 477.7006
1002 477.4845
1003 477.2775
1004 477.0793
1005 476.8887
1006 476.708
1007 476.5318
1008 476.3593
1009 476.1894
1010 476.0211
1011 475.8533
1012 475.6849
1013 475.5149
1014 475.342
1015 475.1658
1016 474.9851
1017 474.7991
1018 474.6069
1019 474.4076
1020 474.2013
1021 473.9872
1022 473.7656
1023 473.5366
1024 473.2993
1025 473.0536
1026 472.7994
1027 472.5369
1028 472.266
1029 471.9865
1030 471.6987
1031 471.4027
1032 471.099
1033 470.7882
1034 470.4707
1035 470.1472
1036 469.8186
1037 469.4859
1038 469.1498
1039 468.8116
1040 468.4722
1041 468.1325
1042 467.7932
1043 467.4547
1044 467.1174
1045 466.7817
1046 466.4479
1047 466.1159
1048 465.7859
1049 465.4583
1050 465.1332
1051 464.8109
1052 464.4915
1053 464.1756
1054 463.8634
1055 463.555
1056 463.2508
1057 462.9507
1058 462.6546
1059 462.3631
1060 462.0757
1061 461.7926
1062 461.5141
1063 461.2397
1064 460.9695
1065 460.7046
1066 460.4451
1067 460.1918
1068 459.9445
1069 459.704
1070 459.4702
1071 459.2437
1072 459.0237
1073 458.8108
1074 458.6042
1075 458.4039
1076 458.2092
1077 458.0197
1078 457.8346
1079 457.653
1080 457.4743
1081 457.2978
1082 457.1223
1083 456.9476
1084 456.7726
1085 456.5968
1086 456.4193
1087 456.2394
1088 456.0563
1089 455.8695
1090 455.6786
1091 455.4832
1092 455.2827
1093 455.0775
1094 454.8674
1095 454.6529
1096 454.4346
1097 454.2133
1098 453.9894
1099 453.7638
1100 453.5372
1101 453.3103
1102 453.0836
1103 452.8584
1104 452.6309
1105 452.4053
1106 452.1826
1107 451.9632
1108 451.7468
1109 451.5332
1110 451.3221
1111 451.113
1112 450.9055
1113 450.699
1114 450.4933
1115 450.288
1116 450.0826
1117 449.8769
1118 449.6706
1119 449.4633
1120 449.2549
1121 449.0453
1122 448.8342
1123 448.6211
1124 448.4058
1125 448.1879
1126 447.9668
1127 447.7422
1128 447.5141
1129 447.2823
1130 447.0467
1131 446.8075
1132 446.5648
1133 446.3191
1134 446.0706
1135 445.8199
1136 445.5675
1137 445.3141
1138 445.0602
1139 444.806
1140 444.5523
1141 444.2992
1142 444.047
1143 443.7963
1144 443.5469
1145 443.2989
1146 443.0524
1147 442.8073
1148 442.5638
1149 442.3224
1150 442.0824
1151 441.8443
1152 441.608
1153 441.3738
1154 441.1418
1155 440.9119
1156 440.6841
1157 440.4582
1158 440.2343
1159 440.0117
1160 439.7907
1161 439.5702
1162 439.35
1163 439.1299
1164 438.9096
1165 438.6892
1166 438.4687
1167 438.248
1168 438.0273
1169 437.8065
1170 437.5861
1171 437.366
1172 437.1463
1173 436.9271
1174 436.708
1175 436.4894
1176 436.2712
1177 436.0532
1178 435.8348
1179 435.6165
1180 435.3976
1181 435.1781
1182 434.9581
1183 434.7373
1184 434.5159
1185 434.2937
1186 434.0706
1187 433.8467
1188 433.622
1189 433.3963
1190 433.1697
1191 432.9425
1192 432.715
1193 432.4874
1194 432.2597
1195 432.0321
1196 431.8051
1197 431.5788
1198 431.3534
1199 431.129
1200 430.9056
1201 430.6837
1202 430.4636
1203 430.2455
1204 430.03
1205 429.816
1206 429.6038
1207 429.393
1208 429.1839
1209 428.9759
1210 428.7688
1211 428.5624
1212 428.3564
1213 428.1504
1214 427.9439
1215 427.7365
1216 427.5278
1217 427.3177
1218 427.106
1219 426.8923
1220 426.6765
1221 426.4587
1222 426.2383
1223 426.0157
1224 425.7906
1225 425.5633
1226 425.3338
1227 425.102
1228 424.8681
1229 424.6321
1230 424.3937
1231 424.1533
1232 423.911
1233 423.6668
1234 423.4209
1235 423.1732
1236 422.9242
1237 422.6731
1238 422.4203
1239 422.1662
1240 421.9109
1241 421.6551
1242 421.3989
1243 421.1429
1244 420.8874
1245 420.633
1246 420.3801
1247 420.1286
1248 419.879
1249 419.6319
1250 419.3872
1251 419.1451
1252 418.9056
1253 418.6685
1254 418.4341
1255 418.2025
1256 417.9732
1257 417.7461
1258 417.5212
1259 417.2978
1260 417.0759
1261 416.8553
1262 416.636
1263 416.4176
1264 416.2
1265 415.9832
1266 415.7665
1267 415.5498
1268 415.3333
1269 415.1169
1270 414.9005
1271 414.6834
1272 414.4659
1273 414.2481
1274 414.0302
1275 413.8125
1276 413.5951
1277 413.3785
1278 413.1629
1279 412.9491
1280 412.7365
1281 412.5186
1282 412.307
1283 412.101
1284 411.8994
1285 411.7014
1286 411.5067
1287 411.3154
1288 411.127
1289 410.9417
1290 410.7593
1291 410.5799
1292 410.4031
1293 410.2286
1294 410.056
1295 409.885
1296 409.7152
1297 409.5462
1298 409.3776
1299 409.209
1300 409.0406
1301 408.8721
1302 408.7036
1303 408.5348
1304 408.3659
1305 408.1969
1306 408.0276
1307 407.8582
1308 407.6888
1309 407.5198
1310 407.3512
1311 407.1838
1312 407.0176
1313 406.8532
1314 406.6903
1315 406.5294
1316 406.371
1317 406.2149
1318 406.0608
1319 405.908
1320 405.7561
1321 405.605
1322 405.4546
1323 405.3044
1324 405.1542
1325 405.0037
1326 404.8532
1327 404.7026
1328 404.552
1329 404.4016
1330 404.2518
1331 404.1028
1332 403.9547
1333 403.808
1334 403.6632
1335 403.5204
1336 403.3799
1337 403.2423
1338 403.1079
1339 402.9772
1340 402.8499
1341 402.7261
1342 402.6062
1343 402.4894
1344 402.3769
1345 402.2684
1346 402.1632
1347 402.0615
1348 401.9626
1349 401.8664
1350 401.7721
1351 401.6797
1352 401.5892
1353 401.5001
1354 401.4126
1355 401.3267
1356 401.2425
1357 401.1602
1358 401.0795
1359 401.0009
1360 400.925
1361 400.8523
1362 400.7826
1363 400.7162
1364 400.6531
1365 400.5936
1366 400.5375
1367 400.4848
1368 400.4351
1369 400.3882
1370 400.3442
1371 400.3026
1372 400.2633
1373 400.226
1374 400.1907
1375 400.157
1376 400.1247
1377 400.0935
1378 400.0632
1379 400.0339
1380 400.0057
1381 399.9785
1382 399.9524
1383 399.9273
1384 399.9039
1385 399.8826
1386 399.8636
1387 399.8472
1388 399.8338
1389 399.824
1390 399.818
1391 399.8163
1392 399.8193
1393 399.8275
1394 399.8411
1395 399.8605
1396 399.8853
1397 399.9159
1398 399.9521
1399 399.9942
1400 400.0423
1401 400.0963
1402 400.1562
1403 400.222
1404 400.2935
1405 400.3709
1406 400.4543
1407 400.5435
1408 400.6387
1409 400.7395
1410 400.846
1411 400.9586
1412 401.0771
1413 401.2023
1414 401.3346
1415 401.474
1416 401.6212
1417 401.7764
1418 401.9394
1419 402.1109
1420 402.2914
1421 402.4813
1422 402.681
1423 402.8911
1424 403.1118
1425 403.3438
1426 403.5878
1427 403.845
1428 404.1158
1429 404.4012
1430 404.702
1431 405.0186
1432 405.3516
1433 405.7018
1434 406.0699
1435 406.4562
1436 406.8616
1437 407.2864
1438 407.7309
1439 408.1955
1440 408.6802
1441 409.186
1442 409.7133
1443 410.2625
1444 410.834
1445 411.428
1446 412.0439
1447 412.6834
1448 413.3476
1449 414.0367
1450 414.7508
1451 415.4905
1452 416.2559
1453 417.0479
1454 417.8667
1455 418.713
1456 419.5872
1457 420.49
1458 421.4218
1459 422.3827
1460 423.3731
1461 424.3931
1462 425.4427
1463 426.5228
1464 427.6337
1465 428.775
1466 429.947
1467 431.1488
1468 432.38
1469 433.6404
1470 434.9297
1471 436.2473
1472 437.5928
1473 438.9658
1474 440.3657
1475 441.7911
1476 443.2423
1477 444.7177
1478 446.2166
1479 447.7393
1480 449.2849
1481 450.8528
1482 452.4417
1483 454.0509
1484 455.679
1485 457.3253
1486 458.9883
1487 460.6672
1488 462.3597
1489 464.065
1490 465.7818
1491 467.5105
1492 469.2495
1493 470.9972
1494 472.7528
1495 474.5161
1496 476.2861
1497 478.0629
1498 479.8462
1499 481.6351
1500 483.4298
1501 485.2297
1502 487.0347
1503 488.8447
1504 490.6592
1505 492.4778
1506 494.2996
1507 496.1238
1508 497.9495
1509 499.7753
1510 501.5995
1511 503.4203
1512 505.2363
1513 507.046
1514 508.8473
1515 510.639
1516 512.4194
1517 514.1867
1518 515.9396
1519 517.6766
1520 519.3968
1521 521.099
1522 522.7827
1523 524.4473
1524 526.0919
1525 527.7147
1526 529.3148
1527 530.8926
1528 532.4462
1529 533.9752
1530 535.4784
1531 536.9545
1532 538.4023
1533 539.8209
1534 541.209
1535 542.5661
1536 543.8911
1537 545.1823
1538 546.4384
1539 547.6575
1540 548.8389
1541 549.9805
1542 551.0802
1543 552.1366
1544 553.1493
1545 554.1174
1546 555.0407
1547 555.9176
1548 556.7471
1549 557.528
1550 558.2598
1551 558.9408
1552 559.5702
1553 560.1476
1554 560.6718
1555 561.1418
1556 561.5579
1557 561.9185
1558 562.2231
1559 562.4709
1560 562.6602
1561 562.7909
1562 562.8625
1563 562.8748
1564 562.8278
1565 562.72
1566 562.551
1567 562.321
1568 562.0305
1569 561.6801
1570 561.2702
1571 560.8009
1572 560.2714
1573 559.6808
1574 559.0292
1575 558.3155
1576 557.5391
1577 556.7001
1578 555.7989
1579 554.8351
1580 553.809
1581 552.7205
1582 551.5701
1583 550.3588
1584 549.0875
1585 547.7569
1586 546.3676
1587 544.9206
1588 543.4161
1589 541.8554
1590 540.2404
1591 538.5726
1592 536.8534
1593 535.0845
1594 533.2674
1595 531.4028
1596 529.4923
1597 527.5378
1598 525.5408
1599 523.5024
1600 521.4243
1601 519.307
1602 517.1526
1603 514.9628
1604 512.738
1605 510.4795
1606 508.188
1607 505.8657
1608 503.5149
1609 501.1377
1610 498.7354
1611 496.3082
1612 493.8615
1613 491.3967
1614 488.9151
1615 486.4179
1616 483.9064
1617 481.3822
1618 478.8469
1619 476.3018
1620 473.7487
1621 471.1888
1622 468.6242
1623 466.0564
1624 463.4872
1625 460.9203
1626 458.3547
1627 455.7927
1628 453.2362
1629 450.6859
1630 448.1428
1631 445.6081
1632 443.0825
1633 440.5664
1634 438.0623
1635 435.5693
1636 433.0871
1637 430.6155
1638 428.1548
1639 425.7053
1640 423.267
1641 420.8409
1642 418.4278
1643 416.0285
1644 413.6438
1645 411.2743
1646 408.9205
1647 406.5827
1648 404.2617
1649 401.9586
1650 399.6732
1651 397.4059
1652 395.1573
1653 392.9288
1654 390.7211
1655 388.535
1656 386.3714
1657 384.2303
1658 382.1122
1659 380.0175
1660 377.9469
1661 375.9007
1662 373.879
1663 371.8813
1664 369.9081
1665 367.9587
1666 366.0333
1667 364.1312
1668 362.2525
1669 360.3969
1670 358.5646
1671 356.7556
1672 354.97
1673 353.209
1674 351.4729
1675 349.7625
1676 348.078
1677 346.4196
1678 344.7879
1679 343.1835
1680 341.6067
1681 340.058
1682 338.538
1683 337.0468
1684 335.5847
1685 334.1516
1686 332.747
1687 331.3707
1688 330.0223
1689 328.7014
1690 327.4077
1691 326.1407
1692 324.8997
1693 323.6847
1694 322.4944
1695 321.3285
1696 320.1865
1697 319.0678
1698 317.9726
1699 316.9005
1700 315.8517
1701 314.8262
1702 313.824
1703 312.8451
1704 311.8892
1705 310.9562
1706 310.046
1707 309.1584
1708 308.2929
1709 307.4492
1710 306.6265
1711 305.8243
1712 305.0423
1713 304.2795
1714 303.5378
1715 302.8161
1716 302.1142
1717 301.4313
1718 300.7672
1719 300.1215
1720 299.4937
1721 298.8837
1722 298.2908
1723 297.7148
1724 297.1556
1725 296.6132
1726 296.088
1727 295.5799
1728 295.0887
1729 294.6145
1730 294.1571
1731 293.716
1732 293.2912
1733 292.8824
1734 292.4898
1735 292.1134
1736 291.7533
1737 291.4097
1738 291.0827
1739 290.7726
1740 290.48
1741 290.2051
1742 289.9481
1743 289.7093
1744 289.489
1745 289.2877
1746 289.1052
1747 288.942
1748 288.798
1749 288.673
1750 288.5661
1751 288.4767
1752 288.4039
1753 288.3472
1754 288.3056
1755 288.2784
1756 288.265
1757 288.2651
1758 288.2783
1759 288.3045
1760 288.3435
1761 288.3951
1762 288.4593
1763 288.5368
1764 288.6276
1765 288.7319
1766 288.8494
1767 288.9803
1768 289.1246
1769 289.2824
1770 289.4534
1771 289.6375
1772 289.8343
1773 290.0433
1774 290.2639
1775 290.4953
1776 290.7368
1777 290.9872
1778 291.2454
1779 291.5101
1780 291.7804
1781 292.0551
1782 292.3335
1783 292.6141
1784 292.8962
1785 293.1787
1786 293.461
1787 293.7422
1788 294.0216
1789 294.2986
1790 294.5729
1791 294.8441
1792 295.1118
1793 295.3762
1794 295.6372
1795 295.8953
1796 296.1506
1797 296.4034
1798 296.6541
1799 296.903
1800 297.1507
1801 297.3976
1802 297.6438
1803 297.8902
1804 298.1368
1805 298.3837
1806 298.6306
1807 298.8779
1808 299.1249
1809 299.3709
1810 299.6158
1811 299.8591
1812 300.1
1813 300.338
1814 300.5728
1815 300.8046
1816 301.0328
1817 301.257
1818 301.477
1819 301.6926
1820 301.9038
1821 302.1108
1822 302.3134
1823 302.5118
1824 302.7058
1825 302.8961
1826 303.0826
1827 303.2651
1828 303.4443
1829 303.6201
1830 303.7931
1831 303.9638
1832 304.1329
1833 304.3008
1834 304.4679
1835 304.6349
1836 304.8026
1837 304.9716
1838 305.1423
1839 305.3146
1840 305.4886
1841 305.664
1842 305.8402
1843 306.0167
1844 306.1928
1845 306.3682
1846 306.5422
1847 306.7139
1848 306.8823
1849 307.0466
1850 307.2058
1851 307.3596
1852 307.5074
1853 307.6485
1854 307.7829
1855 307.9104
1856 308.031
1857 308.1445
1858 308.2512
1859 308.3511
1860 308.4445
1861 308.5316
1862 308.6129
1863 308.6886
1864 308.7592
1865 308.825
1866 308.8864
1867 308.9438
1868 308.9971
1869 309.0463
1870 309.0915
1871 309.1323
1872 309.1686
1873 309.1999
1874 309.2261
1875 309.2469
1876 309.2621
1877 309.2716
1878 309.2752
1879 309.2733
1880 309.2659
1881 309.254
1882 309.2379
1883 309.2185
1884 309.1965
1885 309.1726
1886 309.1475
1887 309.1215
1888 309.0953
1889 309.0692
1890 309.0441
1891 309.0201
1892 308.9975
1893 308.9765
1894 308.9572
1895 308.9399
1896 308.9246
1897 308.9113
1898 308.9002
1899 308.8912
1900 308.8843
1901 308.8792
1902 308.8759
1903 308.8743
1904 308.8745
1905 308.8759
1906 308.8788
1907 308.883
1908 308.8884
1909 308.8951
1910 308.9029
1911 308.9121
1912 308.9225
1913 308.9345
1914 308.9486
1915 308.9645
1916 308.9823
1917 309.0022
1918 309.0244
1919 309.0493
1920 309.0767
1921 309.1074
1922 309.1408
1923 309.1774
1924 309.217
1925 309.26
1926 309.3064
1927 309.3562
1928 309.4096
1929 309.4662
1930 309.5263
1931 309.5897
1932 309.6562
1933 309.7258
1934 309.7984
1935 309.8741
1936 309.9524
1937 310.0335
1938 310.1174
1939 310.204
1940 310.2933
1941 310.3855
1942 310.4806
1943 310.5784
1944 310.6792
1945 310.783
1946 310.89
1947 311.0002
1948 311.1139
1949 311.231
1950 311.3515
1951 311.4757
1952 311.6035
1953 311.7348
1954 311.8698
1955 312.0081
1956 312.15
1957 312.2953
1958 312.4442
1959 312.5964
1960 312.7523
1961 312.9118
1962 313.0749
1963 313.2419
1964 313.4125
1965 313.587
1966 313.7654
1967 313.9478
1968 314.1341
1969 314.3243
1970 314.5186
1971 314.7165
1972 314.918
1973 315.123
1974 315.3314
1975 315.5434
1976 315.7586
1977 315.9773
1978 316.1993
1979 316.4246
1980 316.6531
1981 316.8849
1982 317.1199
1983 317.3581
1984 317.5993
1985 317.8437
1986 318.0913
1987 318.3419
1988 318.5955
1989 318.8521
1990 319.1118
1991 319.3743
1992 319.6396
1993 319.9078
1994 320.1785
1995 320.4518
1996 320.7275
1997 321.0056
1998 321.2863
1999 321.5692
2000 321.8543
2001 322.2885
2002 322.7278
2003 323.1716
2004 323.6206
2005 324.0746
2006 324.5342
2007 324.9995
2008 325.471
2009 325.9489
2010 326.4327
2011 326.9225
2012 327.4181
2013 327.9199
2014 328.4273
2015 328.9403
2016 329.459
2017 329.9834
2018 330.5141
2019 331.0519
2020 331.597
2021 332.1491
2022 332.7082
2023 333.2731
2024 333.843
2025 334.4174
2026 334.9956
2027 335.5775
2028 336.1631
2029 336.7534
2030 337.3493
2031 337.9509
2032 338.5583
2033 339.1716
2034 339.7904
2035 340.414
2036 341.0416
2037 341.6727
2038 342.3061
2039 342.9414
2040 343.5779
2041 344.2151
2042 344.8524
2043 345.4895
2044 346.1258
2045 346.7611
2046 347.3952
2047 348.0279
2048 348.6591
2049 349.2886
2050 349.9166
2051 350.5429
2052 351.1677
2053 351.7909
2054 352.4125
2055 353.0326
2056 353.6512
2057 354.2684
2058 354.8841
2059 355.4982
2060 356.1106
2061 356.7213
2062 357.3307
2063 357.9387
2064 358.5458
2065 359.1523
2066 359.7585
2067 360.3649
2068 360.9716
2069 361.5793
2070 362.1883
2071 362.7986
2072 363.4103
2073 364.0231
2074 364.6364
2075 365.2503
2076 365.8647
2077 366.4795
2078 367.0946
2079 367.71
2080 368.3255
2081 368.9411
2082 369.5567
2083 370.1728
2084 370.7893
2085 371.4064
2086 372.024
2087 372.6418
2088 373.2595
2089 373.8766
2090 374.4923
2091 375.1057
2092 375.7154
2093 376.321
2094 376.9215
2095 377.5165
2096 378.1055
2097 378.688
2098 379.2638
2099 379.8328
2100 380.3949
2101 380.9502
2102 381.4987
2103 382.0405
2104 382.576
2105 383.105
2106 383.628
2107 384.1452
2108 384.6565
2109 385.1624
2110 385.6624
2111 386.1568
2112 386.6461
2113 387.1304
2114 387.6111
2115 388.0888
2116 388.5621
2117 389.0316
2118 389.4977
2119 389.961
2120 390.4206
2121 390.8777
2122 391.3333
2123 391.7873
2124 392.2392
2125 392.6883
2126 393.1334
2127 393.5735
2128 394.0071
2129 394.4336
2130 394.8518
2131 395.2617
2132 395.6633
2133 396.0573
2134 396.4442
2135 396.8251
2136 397.2001
2137 397.5695
2138 397.9331
2139 398.2905
2140 398.6413
2141 398.9857
2142 399.3233
2143 399.6545
2144 399.9798
2145 400.2993
2146 400.6132
2147 400.9221
2148 401.2267
2149 401.5272
2150 401.8239
2151 402.1172
2152 402.4065
2153 402.691
2154 402.9695
2155 403.2408
2156 403.5034
2157 403.7563
2158 403.9975
2159 404.2284
2160 404.4498
2161 404.6629
2162 404.8688
2163 405.0676
2164 405.2596
2165 405.4453
2166 405.6251
2167 405.7996
2168 405.9693
2169 406.1342
2170 406.2944
2171 406.4491
2172 406.5981
2173 406.7399
2174 406.8739
2175 406.9995
2176 407.1169
2177 407.2258
2178 407.3263
2179 407.4186
2180 407.5024
2181 407.5778
2182 407.6443
2183 407.7024
2184 407.7517
2185 407.7928
2186 407.826
2187 407.8517
2188 407.87
2189 407.8806
2190 407.8831
2191 407.8769
2192 407.8628
2193 407.841
2194 407.8129
2195 407.7794
2196 407.7412
2197 407.7
2198 407.6547
2199 407.6058
2200 407.5535
2201 407.4969
2202 407.4362
2203 407.3719
2204 407.3043
2205 407.2335
2206 407.1599
2207 407.0833
2208 407.0026
2209 406.917
2210 406.8253
2211 406.7262
2212 406.6197
2213 406.5053
2214 406.3833
2215 406.2556
2216 406.1226
2217 405.985
2218 405.8435
2219 405.6986
2220 405.5504
2221 405.3999
2222 405.2472
2223 405.0929
2224 404.9367
2225 404.7778
2226 404.6148
2227 404.4474
2228 404.2755
2229 404.0997
2230 403.9212
2231 403.7409
2232 403.5604
2233 403.3804
2234 403.2016
2235 403.0238
2236 402.8467
2237 402.6701
2238 402.4936
2239 402.3166
2240 402.1393
2241 401.9615
2242 401.7836
2243 401.6058
2244 401.428
2245 401.2511
2246 401.0749
2247 400.8994
2248 400.724
2249 400.5493
2250 400.3751
2251 400.2017
2252 400.0283
2253 399.8556
2254 399.6846
2255 399.5159
2256 399.3488
2257 399.1842
2258 399.0225
2259 398.8637
2260 398.7081
2261 398.5552
2262 398.4044
2263 398.2571
2264 398.1102
2265 397.9641
2266 397.8189
2267 397.6753
2268 397.5333
2269 397.393
2270 397.2538
2271 397.1156
2272 396.9796
2273 396.8461
2274 396.7145
2275 396.5854
2276 396.459
2277 396.3351
2278 396.2141
2279 396.0966
2280 395.9818
2281 395.8712
2282 395.7648
2283 395.6618
2284 395.5627
2285 395.4669
2286 395.3749
2287 395.2871
2288 395.2034
2289 395.1243
2290 395.0499
2291 394.9799
2292 394.9147
2293 394.8538
2294 394.7972
2295 394.7455
2296 394.6985
2297 394.6568
2298 394.6198
2299 394.5875
2300 394.5599
2301 394.5368
2302 394.5188
2303 394.505
2304 394.496
2305 394.4916
2306 394.492
2307 394.4973
2308 394.5081
2309 394.5235
2310 394.5442
2311 394.5691
2312 394.5984
2313 394.6332
2314 394.6733
2315 394.7184
2316 394.7694
2317 394.8256
2318 394.8862
2319 394.9517
2320 395.0214
2321 395.0957
2322 395.1754
2323 395.2587
2324 395.3444
2325 395.4323
2326 395.5222
2327 395.6132
2328 395.7056
2329 395.7998
2330 395.8958
2331 395.9946
2332 396.097
2333 396.2021
2334 396.3103
2335 396.422
2336 396.5385
2337 396.6592
2338 396.7854
2339 396.918
2340 397.0567
2341 397.2019
2342 397.3538
2343 397.5109
2344 397.6722
2345 397.8376
2346 398.0072
2347 398.1808
2348 398.3572
2349 398.5372
2350 398.7203
2351 398.9065
2352 399.0974
2353 399.2927
2354 399.4918
2355 399.6944
2356 399.9008
2357 400.1115
2358 400.325
2359 400.5419
2360 400.763
2361 400.9881
2362 401.2195
2363 401.4574
2364 401.7005
2365 401.9488
2366 402.2017
2367 402.4591
2368 402.7202
2369 402.9842
2370 403.2515
2371 403.5223
2372 403.7969
2373 404.0772
2374 404.3627
2375 404.6523
2376 404.946
2377 405.244
2378 405.5468
2379 405.8525
2380 406.1618
2381 406.4752
2382 406.7918
2383 407.1136
2384 407.4396
2385 407.7691
2386 408.1019
2387 408.438
2388 408.7771
2389 409.1176
2390 409.4605
2391 409.8056
2392 410.1533
2393 410.5055
2394 410.8621
2395 411.2226
2396 411.5877
2397 411.9575
2398 412.3316
2399 412.7086
2400 413.0898
2401 413.4747
2402 413.8636
2403 414.2574
2404 414.6552
2405 415.0558
2406 415.4603
2407 415.8683
2408 416.2782
2409 416.6896
2410 417.1024
2411 417.516
2412 417.9311
2413 418.3476
2414 418.7648
2415 419.1826
2416 419.6014
2417 420.0206
2418 420.4386
2419 420.8564
2420 421.2734
2421 421.69
2422 422.1074
2423 422.525
2424 422.9422
2425 423.3598
2426 423.778
2427 424.1955
2428 424.6126
2429 425.0291
2430 425.4439
2431 425.8588
2432 426.2728
2433 426.6858
2434 427.098
2435 427.5096
2436 427.9192
2437 428.3281
2438 428.736
2439 429.1431
2440 429.5511
2441 429.9597
2442 430.3692
2443 430.7802
2444 431.1918
2445 431.6036
2446 432.0161
2447 432.4279
2448 432.841
2449 433.2547
2450 433.6682
2451 434.0816
2452 434.4944
2453 434.9046
2454 435.3128
2455 435.7187
2456 436.1213
2457 436.5232
2458 436.9236
2459 437.3228
2460 437.7212
2461 438.1188
2462 438.5143
2463 438.9085
2464 439.3001
2465 439.6891
2466 440.0761
2467 440.4598
2468 440.8402
2469 441.2173
2470 441.5903
2471 441.9587
2472 442.3235
2473 442.6841
2474 443.0398
2475 443.3918
2476 443.7387
2477 444.0801
2478 444.416
2479 444.7461
2480 445.0695
2481 445.3869
2482 445.6988
2483 446.0056
2484 446.3095
2485 446.61
2486 446.9083
2487 447.2048
2488 447.4991
2489 447.7899
2490 448.0782
2491 448.3625
2492 448.6423
2493 448.9171
2494 449.1858
2495 449.4477
2496 449.7022
2497 449.9487
2498 450.1861
2499 450.4155
2500 450.6367
2501 450.8514
2502 451.0601
2503 451.2624
2504 451.459
2505 451.651
2506 451.8361
2507 452.0157
2508 452.1904
2509 452.3595
2510 452.5242
2511 452.6845
2512 452.8397
2513 452.99
2514 453.135
2515 453.2734
2516 453.4056
2517 453.5319
2518 453.6521
2519 453.7668
2520 453.876
2521 453.9797
2522 454.0778
2523 454.1697
2524 454.2541
2525 454.3299
2526 454.3978
2527 454.4577
2528 454.5092
2529 454.5535
2530 454.5911
2531 454.6229
2532 454.65
2533 454.6719
2534 454.6875
2535 454.6978
2536 454.7023
2537 454.7008
2538 454.693
2539 454.6802
2540 454.663
2541 454.6422
2542 454.6183
2543 454.5908
2544 454.5602
2545 454.5266
2546 454.4895
2547 454.4481
2548 454.402
2549 454.3518
2550 454.2978
2551 454.2395
2552 454.1758
2553 454.108
2554 454.0359
2555 453.9591
2556 453.8764
2557 453.7892
2558 453.698
2559 453.6032
2560 453.5051
2561 453.4026
2562 453.2969
2563 453.188
2564 453.0746
2565 452.9563
2566 452.8335
2567 452.7062
2568 452.5753
2569 452.4398
2570 452.3
2571 452.1567
2572 452.0099
2573 451.8595
2574 451.7047
2575 451.5468
2576 451.3866
2577 451.2244
2578 451.06
2579 450.894
2580 450.7259
2581 450.5561
2582 450.3841
2583 450.2079
2584 450.0283
2585 449.8456
2586 449.6606
2587 449.4727
2588 449.2829
2589 449.0921
2590 448.9002
2591 448.7069
2592 448.5122
2593 448.3172
2594 448.1219
2595 447.9267
2596 447.7331
2597 447.5415
2598 447.3516
2599 447.1628
2600 446.9739
2601 446.7848
2602 446.5955
2603 446.4062
2604 446.2179
2605 446.0312
2606 445.8462
2607 445.6632
2608 445.4824
2609 445.3031
2610 445.126
2611 444.9506
2612 444.778
2613 444.6093
2614 444.4452
2615 444.2856
2616 444.1302
2617 443.9778
2618 443.8283
2619 443.6813
2620 443.5371
2621 443.3967
2622 443.2596
2623 443.126
2624 442.9958
2625 442.8682
2626 442.7439
2627 442.6226
2628 442.5047
2629 442.391
2630 442.282
2631 442.1782
2632 442.0795
2633 441.9865
2634 441.8987
2635 441.8158
2636 441.7375
2637 441.6644
2638 441.5972
2639 441.5361
2640 441.4807
2641 441.4315
2642 441.388
2643 441.3492
2644 441.3151
2645 441.2867
2646 441.2645
2647 441.249
2648 441.2399
2649 441.238
2650 441.2425
2651 441.2531
2652 441.2704
2653 441.2946
2654 441.3262
2655 441.3648
2656 441.4105
2657 441.4634
2658 441.5228
2659 441.5887
2660 441.6619
2661 441.7429
2662 441.8322
2663 441.9297
2664 442.0347
2665 442.1473
2666 442.2673
2667 442.3953
2668 442.5318
2669 442.6757
2670 442.8271
2671 442.986
2672 443.152
2673 443.3254
2674 443.506
2675 443.6945
2676 443.8903
2677 444.093
2678 444.3026
2679 444.5191
2680 444.7425
2681 444.9724
2682 445.2087
2683 445.4503
2684 445.6968
2685 445.9474
2686 446.2014
2687 446.459
2688 446.7193
2689 446.9823
2690 447.2477
2691 447.5152
2692 447.7848
2693 448.056
2694 448.3293
2695 448.6049
2696 448.8831
2697 449.1641
2698 449.448
2699 449.7348
2700 450.024
2701 450.3158
2702 450.6094
2703 450.9046
2704 451.2011
2705 451.4981
2706 451.7956
2707 452.0927
2708 452.3892
2709 452.6846
2710 452.9785
2711 453.2702
2712 453.5593
2713 453.8455
2714 454.1283
2715 454.4074
2716 454.6824
2717 454.9535
2718 455.2202
2719 455.4823
2720 455.7398
2721 455.9924
2722 456.2402
2723 456.4828
2724 456.7199
2725 456.9514
2726 457.1771
2727 457.3965
2728 457.6097
2729 457.8158
2730 458.0147
2731 458.206
2732 458.3892
2733 458.5639
2734 458.7308
2735 458.8888
2736 459.0377
2737 459.1778
2738 459.309
2739 459.431
2740 459.5438
2741 459.6468
2742 459.7401
2743 459.8232
2744 459.8962
2745 459.9587
2746 460.0105
2747 460.0511
2748 460.0807
2749 460.0985
2750 460.1042
2751 460.0978
2752 460.0786
2753 460.0465
2754 460.0013
2755 459.9428
2756 459.8712
2757 459.7865
2758 459.6885
2759 459.5774
2760 459.4532
2761 459.3158
2762 459.1656
2763 459.0028
2764 458.8275
2765 458.64
2766 458.4404
2767 458.2287
2768 458.0044
2769 457.7678
2770 457.5189
2771 457.2581
2772 456.9852
2773 456.7007
2774 456.4045
2775 456.0964
2776 455.7772
2777 455.4465
2778 455.1048
2779 454.7523
2780 454.389
2781 454.0153
2782 453.6314
2783 453.2376
2784 452.8343
2785 452.4211
2786 451.9989
2787 451.5674
2788 451.1266
2789 450.6768
2790 450.2184
2791 449.7518
2792 449.2769
2793 448.7945
2794 448.3044
2795 447.8074
2796 447.3034
2797 446.7927
2798 446.2752
2799 445.7514
2800 445.2214
2801 444.6854
2802 444.1434
2803 443.5956
2804 443.0425
2805 442.4842
2806 441.921
2807 441.3535
2808 440.7818
2809 440.2067
2810 439.6287
2811 439.0482
2812 438.4657
2813 437.8814
2814 437.2956
2815 436.7083
2816 436.1199
2817 435.5304
2818 434.9401
2819 434.3489
2820 433.7572
2821 433.1648
2822 432.5717
2823 431.9781
2824 431.3836
2825 430.7875
2826 430.1897
2827 429.5897
2828 428.9876
2829 428.3834
2830 427.7771
2831 427.1684
2832 426.5577
2833 425.9451
2834 425.3311
2835 424.716
2836 424.1004
2837 423.4849
2838 422.8699
2839 422.2561
2840 421.6443
2841 421.0346
2842 420.4277
2843 419.8238
2844 419.223
2845 418.6254
2846 418.031
2847 417.4398
2848 416.8518
2849 416.2667
2850 415.6841
2851 415.104
2852 414.5261
2853 413.9504
2854 413.377
2855 412.8058
2856 412.2369
2857 411.6703
2858 411.1061
2859 410.5445
2860 409.9857
2861 409.43
2862 408.8775
2863 408.3282
2864 407.7821
2865 407.2392
2866 406.6993
2867 406.1624
2868 405.6281
2869 405.0969
2870 404.5683
2871 404.0427
2872 403.5204
2873 403.0018
2874 402.4866
2875 401.9754
2876 401.4682
2877 400.9655
2878 400.467
2879 399.9732
2880 399.4843
2881 399.0001
2882 398.5211
2883 398.047
2884 397.5782
2885 397.1148
2886 396.6567
2887 396.2039
2888 395.7565
2889 395.3143
2890 394.877
2891 394.4447
2892 394.0173
2893 393.5941
2894 393.1751
2895 392.7598
2896 392.3476
2897 391.938
2898 391.5304
2899 391.1246
2900 390.7202
2901 390.3171
2902 389.9154
2903 389.5151
2904 389.1166
2905 388.7201
2906 388.3255
2907 387.9331
2908 387.5432
2909 387.1552
2910 386.7697
2911 386.3866
2912 386.006
2913 385.628
2914 385.2529
2915 384.8809
2916 384.5124
2917 384.1477
2918 383.7871
2919 383.4308
2920 383.0788
2921 382.7311
2922 382.3877
2923 382.0484
2924 381.7131
2925 381.3816
2926 381.0536
2927 380.7292
2928 380.408
2929 380.09
2930 379.7746
2931 379.4619
2932 379.1516
2933 378.8435
2934 378.5374
2935 378.2332
2936 377.9307
2937 377.6296
2938 377.3301
2939 377.0315
2940 376.734
2941 376.4375
2942 376.1419
2943 375.8472
2944 375.5535
2945 375.2608
2946 374.9693
2947 374.6793
2948 374.3906
2949 374.1037
2950 373.8186
2951 373.5356
2952 373.2546
2953 372.9762
2954 372.7002
2955 372.4271
2956 372.157
2957 371.8902
2958 371.627
2959 371.3676
2960 371.1122
2961 370.861
2962 370.6142
2963 370.3715
2964 370.1332
2965 369.8992
2966 369.6692
2967 369.443
2968 369.2205
2969 369.0013
2970 368.7852
2971 368.572
2972 368.3611
2973 368.1525
2974 367.9456
2975 367.7402
2976 367.5358
2977 367.3323
2978 367.1292
2979 366.9265
2980 366.7241
2981 366.5219
2982 366.3199
2983 366.1182
2984 365.9171
2985 365.717
2986 365.5179
2987 365.32
2988 365.124
2989 364.9295
2990 364.7367
2991 364.5461
2992 364.358
2993 364.1724
2994 363.9895
2995 363.8095
2996 363.6326
2997 363.4584
2998 363.2875
2999 363.1195
3000 362.9545
3001 362.6867
3002 362.4266
3003 362.1731
3004 361.9254
3005 361.6826
3006 361.4442
3007 361.2099
3008 360.9784
3009 360.7491
3010 360.5211
3011 360.2948
3012 360.0701
3013 359.8472
3014 359.6255
3015 359.405
3016 359.1852
3017 358.9656
3018 358.746
3019 358.5257
3020 358.3048
3021 358.0829
3022 357.86
3023 357.6362
3024 357.4115
3025 357.186
3026 356.9592
3027 356.7311
3028 356.5023
3029 356.2728
3030 356.0429
3031 355.8135
3032 355.5854
3033 355.3587
3034 355.1335
3035 354.9099
3036 354.6881
3037 354.4681
3038 354.2502
3039 354.0347
3040 353.8222
3041 353.6133
3042 353.4084
3043 353.208
3044 353.0122
3045 352.8214
3046 352.6357
3047 352.4545
3048 352.2773
3049 352.1036
3050 351.9327
3051 351.7644
3052 351.5981
3053 351.4334
3054 351.27
3055 351.1081
3056 350.9477
3057 350.7892
3058 350.6324
3059 350.4783
3060 350.3262
3061 350.1768
3062 350.0307
3063 349.8882
3064 349.7493
3065 349.6148
3066 349.4845
3067 349.3585
3068 349.2372
3069 349.1204
3070 349.0084
3071 348.9007
3072 348.797
3073 348.6974
3074 348.6017
3075 348.5103
3076 348.4236
3077 348.3416
3078 348.2651
3079 348.1938
3080 348.1281
3081 348.0681
3082 348.0139
3083 347.9657
3084 347.9236
3085 347.8878
3086 347.8582
3087 347.8347
3088 347.8174
3089 347.8063
3090 347.8017
3091 347.8035
3092 347.812
3093 347.8272
3094 347.8494
3095 347.8786
3096 347.9147
3097 347.9581
3098 348.0089
3099 348.0673
3100 348.1338
3101 348.209
3102 348.2933
3103 348.3872
3104 348.4913
3105 348.6057
3106 348.731
3107 348.8674
3108 349.0151
3109 349.1742
3110 349.3445
3111 349.5256
3112 349.7171
3113 349.9182
3114 350.1284
3115 350.3471
3116 350.5735
3117 350.8071
3118 351.0481
3119 351.2965
3120 351.5522
3121 351.8156
3122 352.0866
3123 352.3658
3124 352.6534
3125 352.9493
3126 353.2537
3127 353.5663
3128 353.8873
3129 354.2168
3130 354.5547
3131 354.9015
3132 355.2568
3133 355.6212
3134 355.9946
3135 356.3768
3136 356.7678
3137 357.1671
3138 357.5745
3139 357.9894
3140 358.4115
3141 358.8403
3142 359.275
3143 359.7149
3144 360.1593
3145 360.6079
3146 361.0604
3147 361.5172
3148 361.9782
3149 362.4442
3150 362.9153
3151 363.3921
3152 363.8748
3153 364.3634
3154 364.858
3155 365.3581
3156 365.8638
3157 366.3755
3158 366.8929
3159 367.4154
3160 367.9425
3161 368.4754
3162 369.0143
3163 369.56
3164 370.1127
3165 370.6718
3166 371.2387
3167 371.8134
3168 372.3953
3169 372.9829
3170 373.5733
3171 374.1637
3172 374.7507
3173 375.3321
3174 375.9066
3175 376.4734
3176 377.0324
3177 377.5844
3178 378.1295
3179 378.6688
3180 379.2032
3181 379.7334
3182 380.2599
3183 380.7831
3184 381.3033
3185 381.8212
3186 382.3372
3187 382.8513
3188 383.3636
3189 383.8741
3190 384.3825
3191 384.8887
3192 385.3926
3193 385.8936
3194 386.3914
3195 386.8849
3196 387.3736
3197 387.8566
3198 388.3332
3199 388.8026
3200 389.2645
3201 389.7185
3202 390.1642
3203 390.6022
3204 391.0323
3205 391.4552
3206 391.8708
3207 392.2792
3208 392.6808
3209 393.076
3210 393.4653
3211 393.8494
3212 394.2285
3213 394.6033
3214 394.9741
3215 395.3411
3216 395.7049
3217 396.0657
3218 396.4234
3219 396.7783
3220 397.1301
3221 397.4787
3222 397.8239
3223 398.1656
3224 398.5037
3225 398.8376
3226 399.1672
3227 399.4921
3228 399.8118
3229 400.1258
3230 400.4338
3231 400.7357
3232 401.0315
3233 401.3218
3234 401.6074
3235 401.8887
3236 402.1661
3237 402.4401
3238 402.7108
3239 402.9786
3240 403.2436
3241 403.5057
3242 403.7652
3243 404.0222
3244 404.2769
3245 404.5294
3246 404.7798
3247 405.0283
3248 405.2751
3249 405.5202
3250 405.764
3251 406.0065
3252 406.248
3253 406.4884
3254 406.728
3255 406.9667
3256 407.205
3257 407.4427
3258 407.68
3259 407.9172
3260 408.1541
3261 408.3907
3262 408.6273
3263 408.8635
3264 409.1002
3265 409.3372
3266 409.5747
3267 409.8133
3268 410.0531
3269 410.2947
3270 410.5386
3271 410.7848
3272 411.0334
3273 411.2841
3274 411.5367
3275 411.7913
3276 412.0481
3277 412.307
3278 412.5683
3279 412.8325
3280 413.1002
3281 413.3719
3282 413.6485
3283 413.9303
3284 414.2174
3285 414.5097
3286 414.8066
3287 415.1073
3288 415.4113
3289 415.7173
3290 416.0246
3291 416.3313
3292 416.6356
3293 416.9359
3294 417.231
3295 417.52
3296 417.8028
3297 418.0794
3298 418.3496
3299 418.614
3300 418.8724
3301 419.1255
3302 419.3732
3303 419.6161
3304 419.8546
3305 420.089
3306 420.3194
3307 420.5461
3308 420.7693
3309 420.9892
3310 421.2054
3311 421.4182
3312 421.6273
3313 421.8327
3314 422.0344
3315 422.2321
3316 422.4259
3317 422.6158
3318 422.8015
3319 422.9832
3320 423.1607
3321 423.3342
3322 423.5033
3323 423.668
3324 423.8279
3325 423.9824
3326 424.1312
3327 424.2737
3328 424.4096
3329 424.5385
3330 424.66
3331 424.7739
3332 424.8799
3333 424.9778
3334 425.0678
3335 425.1497
3336 425.2238
3337 425.2903
3338 425.349
3339 425.4004
3340 425.4444
3341 425.4813
3342 425.5113
3343 425.5348
3344 425.5514
3345 425.561
3346 425.5634
3347 425.5585
3348 425.5465
3349 425.5277
3350 425.5025
3351 425.4715
3352 425.4349
3353 425.3931
3354 425.3461
3355 425.294
3356 425.2368
3357 425.1743
3358 425.1066
3359 425.0336
3360 424.9557
3361 424.8729
3362 424.7857
3363 424.6943
3364 424.5987
3365 424.4991
3366 424.3961
3367 424.2894
3368 424.1793
3369 424.0659
3370 423.9491
3371 423.8286
3372 423.7042
3373 423.5755
3374 423.4428
3375 423.3066
3376 423.1674
3377 423.0253
3378 422.8803
3379 422.7329
3380 422.5833
3381 422.432
3382 422.2797
3383 422.1272
3384 421.9751
3385 421.8241
3386 421.6744
3387 421.5262
3388 421.3792
3389 421.2332
3390 421.0879
3391 420.9425
3392 420.7971
3393 420.651
3394 420.5045
3395 420.358
3396 420.2121
3397 420.0671
3398 419.9234
3399 419.781
3400 419.64
3401 419.5008
3402 419.3631
3403 419.2272
3404 419.093
3405 418.9607
3406 418.8307
3407 418.7028
3408 418.5771
3409 418.4535
3410 418.3327
3411 418.2148
3412 418.0996
3413 417.9876
3414 417.8791
3415 417.7748
3416 417.675
3417 417.5804
3418 417.4913
3419 417.408
3420 417.3305
3421 417.259
3422 417.1933
3423 417.1337
3424 417.08
3425 417.032
3426 416.9895
3427 416.9521
3428 416.9192
3429 416.8902
3430 416.865
3431 416.8433
3432 416.8253
3433 416.8109
3434 416.8007
3435 416.7946
3436 416.793
3437 416.7961
3438 416.8044
3439 416.8183
3440 416.8381
3441 416.8636
3442 416.8949
3443 416.9316
3444 416.9731
3445 417.0191
3446 417.0689
3447 417.1224
3448 417.1789
3449 417.2388
3450 417.3018
3451 417.368
3452 417.4375
3453 417.5104
3454 417.5868
3455 417.6667
3456 417.7498
3457 417.8358
3458 417.9243
3459 418.0149
3460 418.1074
3461 418.2012
3462 418.2961
3463 418.3917
3464 418.4875
3465 418.5836
3466 418.6795
3467 418.775
3468 418.8701
3469 418.9645
3470 419.0579
3471 419.1504
3472 419.2417
3473 419.3319
3474 419.4209
3475 419.5085
3476 419.5948
3477 419.6794
3478 419.7623
3479 419.8434
3480 419.9224
3481 419.9996
3482 420.075
3483 420.1486
3484 420.2204
3485 420.2904
3486 420.3588
3487 420.4255
3488 420.4905
3489 420.5541
3490 420.6161
3491 420.6767
3492 420.7361
3493 420.7939
3494 420.8504
3495 420.9055
3496 420.9588
3497 421.0101
3498 421.0594
3499 421.1066
3500 421.1515
3501 421.194
3502 421.2343
3503 421.2721
3504 421.3071
3505 421.3396
3506 421.3691
3507 421.3957
3508 421.4193
3509 421.44
3510 421.4581
3511 421.4735
3512 421.4865
3513 421.4974
3514 421.5061
3515 421.5131
3516 421.5182
3517 421.5216
3518 421.5235
3519 421.5239
3520 421.5224
3521 421.519
3522 421.513
3523 421.5041
3524 421.4921
3525 421.4768
3526 421.4581
3527 421.4359
3528 421.4105
3529 421.3821
3530 421.3506
3531 421.3158
3532 421.2778
3533 421.2363
3534 421.1908
3535 421.1412
3536 421.0871
3537 421.0283
3538 420.9645
3539 420.8955
3540 420.8211
3541 420.7414
3542 420.6566
3543 420.5667
3544 420.4723
3545 420.3735
3546 420.2708
3547 420.1643
3548 420.0541
3549 419.9402
3550 419.8224
3551 419.7005
3552 419.5743
3553 419.4438
3554 419.3084
3555 419.1681
3556 419.0223
3557 418.8711
3558 418.7142
3559 418.5513
3560 418.3822
3561 418.2068
3562 418.0247
3563 417.836
3564 417.6405
3565 417.4385
3566 417.23
3567 417.015
3568 416.7938
3569 416.5667
3570 416.334
3571 416.0957
3572 415.8521
3573 415.6034
3574 415.3497
3575 415.0912
3576 414.8278
3577 414.5594
3578 414.2862
3579 414.0081
3580 413.7252
3581 413.4373
3582 413.1449
3583 412.8484
3584 412.548
3585 412.2443
3586 411.9376
3587 411.6282
3588 411.3166
3589 411.0029
3590 410.6874
3591 410.3704
3592 410.0518
3593 409.732
3594 409.411
3595 409.089
3596 408.7661
3597 408.4422
3598 408.1178
3599 407.7928
3600 407.4672
3601 407.1415
3602 406.8157
3603 406.4902
3604 406.1651
3605 405.8407
3606 405.5171
3607 405.1944
3608 404.8729
3609 404.5526
3610 404.2337
3611 403.9161
3612 403.6
3613 403.2855
3614 402.9727
3615 402.6619
3616 402.3529
3617 402.0461
3618 401.7414
3619 401.4391
3620 401.1394
3621 400.8423
3622 400.5483
3623 400.2576
3624 399.9703
3625 399.6868
3626 399.4073
3627 399.132
3628 398.8609
3629 398.5945
3630 398.3328
3631 398.076
3632 397.8242
3633 397.5775
3634 397.3362
3635 397.1
3636 396.8691
3637 396.6435
3638 396.4232
3639 396.208
3640 395.9985
3641 395.7939
3642 395.5945
3643 395.4004
3644 395.2114
3645 395.0276
3646 394.8487
3647 394.6746
3648 394.5052
3649 394.3406
3650 394.1808
3651 394.0256
3652 393.8752
3653 393.7298
3654 393.5892
3655 393.4537
3656 393.3235
3657 393.1985
3658 393.079
3659 392.9648
3660 392.8562
3661 392.7527
3662 392.6544
3663 392.5609
3664 392.472
3665 392.387
3666 392.3058
3667 392.2278
3668 392.1529
3669 392.0807
3670 392.0112
3671 391.944
3672 391.8792
3673 391.8167
3674 391.7566
3675 391.699
3676 391.6439
3677 391.5913
3678 391.5414
3679 391.4939
3680 391.4493
3681 391.4075
3682 391.3687
3683 391.3329
3684 391.3005
3685 391.2715
3686 391.2464
3687 391.2252
3688 391.2079
3689 391.1945
3690 391.1845
3691 391.1781
3692 391.1744
3693 391.1733
3694 391.1745
3695 391.1775
3696 391.1821
3697 391.1876
3698 391.1938
3699 391.2003
3700 391.2069
3701 391.2135
3702 391.2202
3703 391.2269
3704 391.2347
3705 391.2437
3706 391.2535
3707 391.265
3708 391.2781
3709 391.2923
3710 391.3068
3711 391.3211
3712 391.3342
3713 391.3451
3714 391.3527
3715 391.356
3716 391.3541
3717 391.3461
3718 391.3317
3719 391.3105
3720 391.2827
3721 391.2485
3722 391.2083
3723 391.1625
3724 391.1118
3725 391.0568
3726 390.9981
3727 390.9366
3728 390.8726
3729 390.8064
3730 390.7387
3731 390.6696
3732 390.5991
3733 390.527
3734 390.4531
3735 390.3775
3736 390.2995
3737 390.2194
3738 390.1365
3739 390.0509
3740 389.9626
3741 389.8717
3742 389.7782
3743 389.682
3744 389.5829
3745 389.481
3746 389.3762
3747 389.2687
3748 389.1586
3749 389.0463
3750 388.9317
3751 388.8154
3752 388.6974
3753 388.5784
3754 388.4581
3755 388.3368
3756 388.2143
3757 388.0906
3758 387.9652
3759 387.8381
3760 387.7088
3761 387.5771
3762 387.4428
3763 387.3059
3764 387.1664
3765 387.0243
3766 386.8799
3767 386.7336
3768 386.5855
3769 386.4362
3770 386.2861
3771 386.1353
3772 385.9844
3773 385.8334
3774 385.6827
3775 385.5325
3776 385.3833
3777 385.2351
3778 385.0881
3779 384.9429
3780 384.7998
3781 384.6591
3782 384.521
3783 384.3859
3784 384.2538
3785 384.1255
3786 384.0008
3787 383.88
3788 383.763
3789 383.6498
3790 383.5403
3791 383.4342
3792 383.3315
3793 383.232
3794 383.1354
3795 383.0415
3796 382.9504
3797 382.8619
3798 382.7762
3799 382.6935
3800 382.6141
3801 382.5385
3802 382.4671
3803 382.3998
3804 382.3376
3805 382.2803
3806 382.2285
3807 382.1823
3808 382.1417
3809 382.1068
3810 382.0773
3811 382.053
3812 382.0335
3813 382.0187
3814 382.008
3815 382.0013
3816 381.9982
3817 381.9987
3818 382.0023
3819 382.0092
3820 382.0192
3821 382.0321
3822 382.0481
3823 382.0668
3824 382.0885
3825 382.1127
3826 382.14
3827 382.1697
3828 382.2022
3829 382.2375
3830 382.2754
3831 382.3161
3832 382.3598
3833 382.4063
3834 382.4561
3835 382.5091
3836 382.5653
3837 382.625
3838 382.688
3839 382.7543
3840 382.824
3841 382.8971
3842 382.9737
3843 383.0536
3844 383.1365
3845 383.2225
3846 383.3111
3847 383.4022
3848 383.4957
3849 383.591
3850 383.688
3851 383.7867
3852 383.8866
3853 383.9877
3854 384.09
3855 384.1931
3856 384.2974
3857 384.4025
3858 384.5083
3859 384.6148
3860 384.7219
3861 384.8292
3862 384.9364
3863 385.0436
3864 385.1503
3865 385.2566
3866 385.3625
3867 385.4679
3868 385.5729
3869 385.6774
3870 385.7817
3871 385.8857
3872 385.9898
3873 386.0941
3874 386.1987
3875 386.3038
3876 386.4093
3877 386.5155
3878 386.6223
3879 386.7294
3880 386.8374
3881 386.9458
3882 387.055
3883 387.1649
3884 387.2755
3885 387.3871
3886 387.4994
3887 387.6123
3888 387.726
3889 387.8405
3890 387.9552
3891 388.0697
3892 388.1842
3893 388.2982
3894 388.4117
3895 388.5254
3896 388.6391
3897 388.7528
3898 388.8668
3899 388.9813
3900 389.0963
3901 389.2123
3902 389.3296
3903 389.4487
3904 389.5697
3905 389.6932
3906 389.8193
3907 389.9481
3908 390.0795
3909 390.2133
3910 390.349
3911 390.4865
3912 390.6251
3913 390.7643
3914 390.9035
3915 391.0423
3916 391.1801
3917 391.3167
3918 391.4516
3919 391.5849
3920 391.7166
3921 391.8468
3922 391.9755
3923 392.103
3924 392.2295
3925 392.3555
3926 392.4815
3927 392.6079
3928 392.7354
3929 392.8643
3930 392.9949
3931 393.1276
3932 393.2625
3933 393.3995
3934 393.5387
3935 393.6797
3936 393.8226
3937 393.967
3938 394.1126
3939 394.2592
3940 394.4072
3941 394.5563
3942 394.7066
3943 394.8584
3944 395.0116
3945 395.1664
3946 395.3231
3947 395.4815
3948 395.6418
3949 395.8042
3950 395.9685
3951 396.1349
3952 396.3033
3953 396.474
3954 396.6471
3955 396.8225
3956 397.0005
3957 397.1809
3958 397.3637
3959 397.5486
3960 397.7354
3961 397.9236
3962 398.1125
3963 398.3017
3964 398.4906
3965 398.6789
3966 398.8659
3967 399.0517
3968 399.2357
3969 399.4182
3970 399.5986
3971 399.7773
3972 399.9544
3973 400.13
3974 400.3046
3975 400.4783
3976 400.6515
3977 400.8242
3978 400.9971
3979 401.1701
3980 401.3436
3981 401.518
3982 401.6928
3983 401.8685
3984 402.0447
3985 402.2214
3986 402.3983
3987 402.5751
3988 402.7519
3989 402.9283
3990 403.1043
3991 403.2799
3992 403.4549
3993 403.6296
3994 403.8039
3995 403.9779
3996 404.1517
3997 404.3252
3998 404.4986
3999 404.6718
4000 404.8448
4001 405.0178
4002 405.1908
4003 405.3636
4004 405.5365
4005 405.7094
4006 405.8822
4007 406.0549
4008 406.2275
4009 406.3999
4010 406.5718
4011 406.7428
4012 406.9127
4013 407.0812
4014 407.248
4015 407.4127
4016 407.575
4017 407.7346
4018 407.8917
4019 408.0458
4020 408.1971
4021 408.3457
4022 408.4916
4023 408.6349
4024 408.7759
4025 408.9147
4026 409.0516
4027 409.1865
4028 409.3199
4029 409.4518
4030 409.5824
4031 409.7117
4032 409.8396
4033 409.9663
4034 410.0917
4035 410.2158
4036 410.3389
4037 410.4609
4038 410.582
4039 410.7024
4040 410.8221
4041 410.9411
4042 411.0593
4043 411.1768
4044 411.2935
4045 411.4093
4046 411.5244
4047 411.6388
4048 411.7523
4049 411.8651
4050 411.9771
4051 412.0884
4052 412.1991
4053 412.3089
4054 412.4181
4055 412.5266
4056 412.6345
4057 412.7418
4058 412.8484
4059 412.9543
4060 413.0593
4061 413.1631
4062 413.2654
4063 413.3658
4064 413.4638
4065 413.5591
4066 413.6514
4067 413.7405
4068 413.8263
4069 413.9085
4070 413.9874
4071 414.0631
4072 414.1355
4073 414.2049
4074 414.2714
4075 414.3349
4076 414.3957
4077 414.4539
4078 414.5098
4079 414.5636
4080 414.6154
4081 414.6658
4082 414.7149
4083 414.7628
4084 414.8098
4085 414.8557
4086 414.9006
4087 414.9442
4088 414.9867
4089 415.028
4090 415.0682
4091 415.1073
4092 415.1454
4093 415.1828
4094 415.2193
4095 415.2551
4096 415.2903
4097 415.3248
4098 415.3586
4099 415.3916
4100 415.4236
4101 415.4545
4102 415.4838
4103 415.5112
4104 415.5366
4105 415.5595
4106 415.5798
4107 415.5974
4108 415.6123
4109 415.6243
4110 415.6337
4111 415.6405
4112 415.645
4113 415.6474
4114 415.6478
4115 415.6462
4116 415.6424
4117 415.6366
4118 415.6286
4119 415.6183
4120 415.6057
4121 415.5905
4122 415.573
4123 415.553
4124 415.5305
4125 415.5055
4126 415.4779
4127 415.4481
4128 415.4162
4129 415.3824
4130 415.3467
4131 415.3096
4132 415.2713
4133 415.232
4134 415.1919
4135 415.1509
4136 415.1094
4137 415.0672
4138 415.0242
4139 414.9806
4140 414.9362
4141 414.8908
4142 414.8443
4143 414.7969
4144 414.7483
4145 414.6982
4146 414.647
4147 414.5943
4148 414.5402
4149 414.4849
4150 414.4283
4151 414.3703
4152 414.3113
4153 414.2511
4154 414.19
4155 414.128
4156 414.065
4157 414.0013
4158 413.9369
4159 413.8716
4160 413.8055
4161 413.7387
4162 413.6712
4163 413.6028
4164 413.5339
4165 413.4642
4166 413.3941
4167 413.3234
4168 413.2524
4169 413.181
4170 413.1092
4171 413.0373
4172 412.9651
4173 412.8925
4174 412.8194
4175 412.7454
4176 412.6704
4177 412.5943
4178 412.5169
4179 412.4379
4180 412.3575
4181 412.2755
4182 412.192
4183 412.1071
4184 412.021
4185 411.9334
4186 411.8448
4187 411.7553
4188 411.6649
4189 411.5743
4190 411.4833
4191 411.3925
4192 411.3022
4193 411.2125
4194 411.1236
4195 411.0356
4196 410.9488
4197 410.8631
4198 410.7786
4199 410.6952
4200 410.6127
4201 410.531
4202 410.4503
4203 410.3702
4204 410.2906
4205 410.2114
4206 410.1324
4207 410.0536
4208 409.9749
4209 409.8964
4210 409.8178
4211 409.7392
4212 409.6609
4213 409.5825
4214 409.5042
4215 409.4259
4216 409.3477
4217 409.2697
4218 409.192
4219 409.1147
4220 409.0379
4221 408.9619
4222 408.8866
4223 408.8122
4224 408.7388
4225 408.6663
4226 408.5946
4227 408.5234
4228 408.4526
4229 408.3813
4230 408.3095
4231 408.2368
4232 408.163
4233 408.0875
4234 408.0104
4235 407.9318
4236 407.8516
4237 407.7698
4238 407.6866
4239 407.602
4240 407.5162
4241 407.4296
4242 407.3421
4243 407.2543
4244 407.1662
4245 407.0782
4246 406.9907
4247 406.9038
4248 406.8177
4249 406.7328
4250 406.6488
4251 406.5658
4252 406.4838
4253 406.4024
4254 406.3217
4255 406.2415
4256 406.1619
4257 406.0828
4258 406.0041
4259 405.9259
4260 405.8483
4261 405.7709
4262 405.6938
4263 405.6173
4264 405.5412
4265 405.4655
4266 405.3904
4267 405.3156
4268 405.2408
4269 405.1659
4270 405.0908
4271 405.0152
4272 404.9391
4273 404.8627
4274 404.7861
4275 404.7095
4276 404.6333
4277 404.5576
4278 404.4828
4279 404.409
4280 404.3365
4281 404.2651
4282 404.1951
4283 404.1263
4284 404.0588
4285 403.9922
4286 403.9262
4287 403.8605
4288 403.7949
4289 403.7289
4290 403.6624
4291 403.5949
4292 403.5264
4293 403.4568
4294 403.3858
4295 403.3136
4296 403.2402
4297 403.1656
4298 403.09
4299 403.0137
4300 402.9369
4301 402.8599
4302 402.7831
4303 402.7069
4304 402.6317
4305 402.5578
4306 402.4856
4307 402.4151
4308 402.3466
4309 402.2801
4310 402.2155
4311 402.153
4312 402.0923
4313 402.0336
4314 401.9765
4315 401.921
4316 401.8669
4317 401.8143
4318 401.7628
4319 401.7126
4320 401.6635
4321 401.6154
4322 401.5682
4323 401.5222
4324 401.4771
4325 401.4331
4326 401.39
4327 401.3478
4328 401.3063
4329 401.2654
4330 401.2249
4331 401.1844
4332 401.1441
4333 401.1035
4334 401.0627
4335 401.0218
4336 400.9807
4337 400.9394
4338 400.8981
4339 400.8568
4340 400.8158
4341 400.7752
4342 400.7352
4343 400.696
4344 400.6575
4345 400.6201
4346 400.5836
4347 400.5481
4348 400.5134
4349 400.4793
4350 400.4456
4351 400.4119
4352 400.378
4353 400.3436
4354 400.3085
4355 400.2723
4356 400.2348
4357 400.1961
4358 400.1558
4359 400.1139
4360 400.0703
4361 400.0249
4362 399.9778
4363 399.929
4364 399.8785
4365 399.8268
4366 399.774
4367 399.7205
4368 399.6665
4369 399.6123
4370 399.5582
4371 399.5043
4372 399.4507
4373 399.3975
4374 399.3445
4375 399.2917
4376 399.2389
4377 399.1861
4378 399.1331
4379 399.0796
4380 399.0255
4381 398.9708
4382 398.9154
4383 398.8589
4384 398.8016
4385 398.7432
4386 398.6839
4387 398.6234
4388 398.5621
4389 398.4998
4390 398.4366
4391 398.3726
4392 398.3078
4393 398.2426
4394 398.1765
4395 398.1102
4396 398.0434
4397 397.9764
4398 397.9095
4399 397.8428
4400 397.7763
4401 397.71
4402 397.6438
4403 397.5779
4404 397.5119
4405 397.446
4406 397.3797
4407 397.3128
4408 397.2449
4409 397.1758
4410 397.1048
4411 397.0318
4412 396.9567
4413 396.879
4414 396.7988
4415 396.7166
4416 396.6324
4417 396.5464
4418 396.4592
4419 396.3709
4420 396.2822
4421 396.193
4422 396.1041
4423 396.0157
4424 395.9282
4425 395.842
4426 395.7573
4427 395.6745
4428 395.5936
4429 395.5149
4430 395.438
4431 395.3631
4432 395.29
4433 395.2185
4434 395.1484
4435 395.0796
4436 395.0117
4437 394.9447
4438 394.8785
4439 394.813
4440 394.7478
4441 394.683
4442 394.6186
4443 394.5546
4444 394.491
4445 394.4278
4446 394.3653
4447 394.3033
4448 394.242
4449 394.1814
4450 394.1215
4451 394.0624
4452 394.0043
4453 393.9472
4454 393.8915
4455 393.8377
4456 393.7858
4457 393.736
4458 393.6886
4459 393.6436
4460 393.601
4461 393.5604
4462 393.5218
4463 393.4846
4464 393.4484
4465 393.4126
4466 393.3768
4467 393.3405
4468 393.3034
4469 393.2654
4470 393.2261
4471 393.186
4472 393.1447
4473 393.1025
4474 393.0598
4475 393.0167
4476 392.9737
4477 392.931
4478 392.8891
4479 392.8486
4480 392.8098
4481 392.7731
4482 392.7389
4483 392.7074
4484 392.6787
4485 392.6531
4486 392.6305
4487 392.6106
4488 392.5938
4489 392.5794
4490 392.5674
4491 392.5575
4492 392.5495
4493 392.543
4494 392.538
4495 392.5338
4496 392.5305
4497 392.5281
4498 392.5263
4499 392.5248
4500 392.5239
4501 392.5234
4502 392.5233
4503 392.5237
4504 392.5244
4505 392.5257
4506 392.5275
4507 392.5298
4508 392.5331
4509 392.5375
4510 392.5432
4511 392.5503
4512 392.5594
4513 392.5704
4514 392.5832
4515 392.5981
4516 392.6148
4517 392.633
4518 392.6525
4519 392.6728
4520 392.6936
4521 392.7141
4522 392.7341
4523 392.7531
4524 392.7708
4525 392.787
4526 392.8019
4527 392.8155
4528 392.8279
4529 392.8394
4530 392.8503
4531 392.8609
4532 392.8714
4533 392.882
4534 392.8929
4535 392.9045
4536 392.9167
4537 392.9298
4538 392.9444
4539 392.9603
4540 392.978
4541 392.9976
4542 393.0194
4543 393.0433
4544 393.0695
4545 393.098
4546 393.1284
4547 393.1607
4548 393.1947
4549 393.2301
4550 393.2668
4551 393.3045
4552 393.343
4553 393.3822
4554 393.4221
4555 393.4623
4556 393.5029
4557 393.5437
4558 393.5848
4559 393.6263
4560 393.6684
4561 393.7113
4562 393.7554
4563 393.8009
4564 393.8482
4565 393.8975
4566 393.9488
4567 394.002
4568 394.0572
4569 394.114
4570 394.1721
4571 394.231
4572 394.2902
4573 394.3494
4574 394.4079
4575 394.4657
4576 394.5223
4577 394.5777
4578 394.6319
4579 394.6849
4580 394.737
4581 394.7883
4582 394.8392
4583 394.89
4584 394.941
4585 394.9925
4586 395.0448
4587 395.0978
4588 395.1519
4589 395.2071
4590 395.2634
4591 395.3212
4592 395.3804
4593 395.4411
4594 395.5033
4595 395.5674
4596 395.6333
4597 395.7009
4598 395.7703
4599 395.8412
4600 395.9139
4601 395.9879
4602 396.0633
4603 396.1398
4604 396.2175
4605 396.2961
4606 396.3755
4607 396.4557
4608 396.5367
4609 396.6183
4610 396.7009
4611 396.7842
4612 396.8687
4613 396.9546
4614 397.0418
4615 397.1305
4616 397.2206
4617 397.312
4618 397.4046
4619 397.4981
4620 397.5919
4621 397.6858
4622 397.7793
4623 397.8719
4624 397.9633
4625 398.0532
4626 398.1414
4627 398.2278
4628 398.3124
4629 398.3952
4630 398.4766
4631 398.5567
4632 398.6359
4633 398.7142
4634 398.7923
4635 398.87
4636 398.9475
4637 399.0249
4638 399.1024
4639 399.1798
4640 399.2572
4641 399.3346
4642 399.4124
4643 399.4905
4644 399.5693
4645 399.6488
4646 399.7292
4647 399.8106
4648 399.8932
4649 399.9769
4650 400.0619
4651 400.148
4652 400.2354
4653 400.3238
4654 400.4129
4655 400.5027
4656 400.593
4657 400.6833
4658 400.7737
4659 400.864
4660 400.9542
4661 401.0443
4662 401.1344
4663 401.2247
4664 401.3153
4665 401.4062
4666 401.4976
4667 401.589
4668 401.6807
4669 401.7721
4670 401.8632
4671 401.9535
4672 402.0426
4673 402.1302
4674 402.2158
4675 402.2993
4676 402.3802
4677 402.4585
4678 402.5343
4679 402.6075
4680 402.6783
4681 402.7469
4682 402.8136
4683 402.8788
4684 402.9425
4685 403.0052
4686 403.0669
4687 403.1277
4688 403.1879
4689 403.2475
4690 403.3067
4691 403.3656
4692 403.4244
4693 403.483
4694 403.5416
4695 403.6004
4696 403.6594
4697 403.7184
4698 403.7776
4699 403.8369
4700 403.8962
4701 403.9555
4702 404.0146
4703 404.0734
4704 404.1318
4705 404.1899
4706 404.2473
4707 404.304
4708 404.3601
4709 404.4154
4710 404.4702
4711 404.5244
4712 404.5784
4713 404.6323
4714 404.6865
4715 404.7407
4716 404.7953
4717 404.8502
4718 404.9051
4719 404.9598
4720 405.0142
4721 405.0675
4722 405.1194
4723 405.1693
4724 405.217
4725 405.2619
4726 405.3039
4727 405.3429
4728 405.3787
4729 405.4114
4730 405.4413
4731 405.4686
4732 405.4937
4733 405.5172
4734 405.5391
4735 405.5599
4736 405.58
4737 405.5995
4738 405.6185
4739 405.6375
4740 405.6559
4741 405.6744
4742 405.6927
4743 405.7111
4744 405.7296
4745 405.7485
4746 405.7679
4747 405.7877
4748 405.8077
4749 405.8281
4750 405.8486
4751 405.8691
4752 405.8891
4753 405.9087
4754 405.9276
4755 405.9458
4756 405.963
4757 405.9793
4758 405.9948
4759 406.0096
4760 406.0235
4761 406.037
4762 406.0501
4763 406.0629
4764 406.0758
4765 406.0885
4766 406.1014
4767 406.1145
4768 406.1276
4769 406.1406
4770 406.1533
4771 406.1653
4772 406.1764
4773 406.1861
4774 406.1941
4775 406.2001
4776 406.2039
4777 406.2052
4778 406.2042
4779 406.2005
4780 406.1947
4781 406.1866
4782 406.1766
4783 406.165
4784 406.1521
4785 406.1381
4786 406.1234
4787 406.1082
4788 406.093
4789 406.0781
4790 406.0638
4791 406.0502
4792 406.0375
4793 406.026
4794 406.0156
4795 406.0062
4796 405.998
4797 405.9906
4798 405.984
4799 405.9779
4800 405.9721
4801 405.9667
4802 405.9615
4803 405.9564
4804 405.9514
4805 405.9466
4806 405.9418
4807 405.9371
4808 405.9326
4809 405.9286
4810 405.9247
4811 405.9214
4812 405.9187
4813 405.9165
4814 405.9148
4815 405.9136
4816 405.9128
4817 405.9124
4818 405.9123
4819 405.9124
4820 405.9125
4821 405.9125
4822 405.9123
4823 405.9117
4824 405.9105
4825 405.9085
4826 405.9055
4827 405.9014
4828 405.8961
4829 405.8895
4830 405.8816
4831 405.8726
4832 405.8622
4833 405.851
4834 405.8388
4835 405.826
4836 405.8126
4837 405.7989
4838 405.7848
4839 405.7708
4840 405.7569
4841 405.7433
4842 405.7303
4843 405.7178
4844 405.7061
4845 405.6952
4846 405.6851
4847 405.6759
4848 405.6674
4849 405.6597
4850 405.6526
4851 405.6462
4852 405.6402
4853 405.6344
4854 405.6291
4855 405.6239
4856 405.6188
4857 405.614
4858 405.6092
4859 405.6043
4860 405.5995
4861 405.5948
4862 405.59
4863 405.5852
4864 405.5804
4865 405.5758
4866 405.5714
4867 405.5675
4868 405.564
4869 405.561
4870 405.5589
4871 405.5575
4872 405.5568
4873 405.5565
4874 405.5565
4875 405.5565
4876 405.5556
4877 405.5538
4878 405.5502
4879 405.5449
4880 405.5377
4881 405.5286
4882 405.5175
4883 405.5046
4884 405.4901
4885 405.4742
4886 405.4575
4887 405.44
4888 405.4222
4889 405.4044
4890 405.3868
4891 405.3696
4892 405.3531
4893 405.337
4894 405.3216
4895 405.3067
4896 405.2923
4897 405.2785
4898 405.2651
4899 405.2522
4900 405.2398
4901 405.228
4902 405.2165
4903 405.2057
4904 405.1954
4905 405.1858
4906 405.1767
4907 405.1683
4908 405.1604
4909 405.1529
4910 405.1457
4911 405.1388
4912 405.1318
4913 405.1247
4914 405.1175
4915 405.1097
4916 405.1015
4917 405.0927
4918 405.0833
4919 405.0733
4920 405.0629
4921 405.0518
4922 405.0406
4923 405.0289
4924 405.0172
4925 405.0053
4926 404.9936
4927 404.9817
4928 404.9698
4929 404.9577
4930 404.9451
4931 404.9319
4932 404.9176
4933 404.9022
4934 404.8852
4935 404.8666
4936 404.8463
4937 404.8242
4938 404.8006
4939 404.7751
4940 404.7482
4941 404.7199
4942 404.6904
4943 404.6598
4944 404.6285
4945 404.5969
4946 404.565
4947 404.5334
4948 404.5022
4949 404.4715
4950 404.4414
4951 404.4122
4952 404.3836
4953 404.3561
4954 404.3294
4955 404.3034
4956 404.2779
4957 404.253
4958 404.2283
4959 404.2039
4960 404.1796
4961 404.1556
4962 404.1321
4963 404.1089
4964 404.0862
4965 404.0639
4966 404.0424
4967 404.0215
4968 404.0011
4969 403.9813
4970 403.9622
4971 403.9434
4972 403.9252
4973 403.9074
4974 403.8901
4975 403.8732
4976 403.8566
4977 403.8406
4978 403.825
4979 403.8098
4980 403.795
4981 403.7805
4982 403.7664
4983 403.7524
4984 403.7385
4985 403.7244
4986 403.71
4987 403.6946
4988 403.6781
4989 403.6601
4990 403.64
4991 403.6181
4992 403.5938
4993 403.5673
4994 403.5387
4995 403.5081
4996 403.4758
4997 403.4417
4998 403.4065
4999 403.3701
5000 403.333
5001 403.2957
5002 403.2583
5003 403.2213
5004 403.185
5005 403.1496
5006 403.1155
5007 403.0828
5008 403.0516
5009 403.0219
5010 402.9937
5011 402.9668
5012 402.9412
5013 402.9166
5014 402.8926
5015 402.8691
5016 402.8459
5017 402.8227
5018 402.7993
5019 402.7757
5020 402.7516
5021 402.7271
5022 402.7021
5023 402.6767
5024 402.6509
5025 402.6249
5026 402.5988
5027 402.5727
5028 402.5468
5029 402.5211
5030 402.4958
5031 402.4708
5032 402.4464
5033 402.4226
5034 402.3997
5035 402.3779
5036 402.3571
5037 402.3375
5038 402.3188
5039 402.3011
5040 402.284
5041 402.2676
5042 402.251
5043 402.2341
5044 402.2162
5045 402.1969
5046 402.1755
5047 402.1517
5048 402.1254
5049 402.0962
5050 402.0641
5051 402.0291
5052 401.9913
5053 401.9511
5054 401.9084
5055 401.8638
5056 401.8175
5057 401.7699
5058 401.7213
5059 401.672
5060 401.6227
5061 401.5735
5062 401.5248
5063 401.477
5064 401.4302
5065 401.3847
5066 401.3405
5067 401.2977
5068 401.2562
5069 401.2161
5070 401.1772
5071 401.139
5072 401.1016
5073 401.0648
5074 401.028
5075 400.9913
5076 400.9544
5077 400.9172
5078 400.8795
5079 400.8413
5080 400.8025
5081 400.7631
5082 400.7232
5083 400.6829
5084 400.6422
5085 400.6013
5086 400.5606
5087 400.5201
5088 400.4803
5089 400.4416
5090 400.404
5091 400.3679
5092 400.3333
5093 400.3005
5094 400.2692
5095 400.2393
5096 400.2104
5097 400.1822
5098 400.154
5099 400.1254
5100 400.0959
5101 400.0648
5102 400.0319
5103 399.9966
5104 399.9591
5105 399.919
5106 399.8765
5107 399.8316
5108 399.7846
5109 399.7355
5110 399.6849
5111 399.6331
5112 399.5802
5113 399.5267
5114 399.4731
5115 399.4196
5116 399.3666
5117 399.3145
5118 399.2635
5119 399.214
5120 399.166
5121 399.1196
5122 399.0751
5123 399.0323
5124 398.9912
5125 398.9519
5126 398.9141
5127 398.8777
5128 398.8427
5129 398.8088
5130 398.7758
5131 398.7438
5132 398.7123
5133 398.6813
5134 398.6507
5135 398.6203
5136 398.5901
5137 398.5599
5138 398.5299
5139 398.5002
5140 398.4704
5141 398.4413
5142 398.4127
5143 398.3849
5144 398.3583
5145 398.333
5146 398.3092
5147 398.2872
5148 398.2667
5149 398.2479
5150 398.2306
5151 398.2143
5152 398.1987
5153 398.1835
5154 398.1683
5155 398.1524
5156 398.1358
5157 398.1182
5158 398.0994
5159 398.0794
5160 398.0583
5161 398.0359
5162 398.0128
5163 397.9887
5164 397.9639
5165 397.9385
5166 397.9128
5167 397.8867
5168 397.8607
5169 397.8348
5170 397.8093
5171 397.7844
5172 397.7604
5173 397.7374
5174 397.7157
5175 397.6952
5176 397.6762
5177 397.6587
5178 397.6425
5179 397.628
5180 397.6147
5181 397.6026
5182 397.5916
5183 397.5817
5184 397.5726
5185 397.5644
5186 397.5567
5187 397.5496
5188 397.5432
5189 397.5375
5190 397.5321
5191 397.5274
5192 397.5231
5193 397.5195
5194 397.5164
5195 397.5142
5196 397.513
5197 397.5127
5198 397.5138
5199 397.5161
5200 397.5196
5201 397.5243
5202 397.5299
5203 397.5363
5204 397.5428
5205 397.5493
5206 397.5553
5207 397.5602
5208 397.5641
5209 397.5664
5210 397.5673
5211 397.5664
5212 397.5641
5213 397.5605
5214 397.5557
5215 397.5501
5216 397.5438
5217 397.5372
5218 397.5304
5219 397.524
5220 397.5177
5221 397.512
5222 397.5071
5223 397.503
5224 397.5001
5225 397.4981
5226 397.4974
5227 397.498
5228 397.4998
5229 397.5027
5230 397.507
5231 397.5122
5232 397.5184
5233 397.5253
5234 397.5329
5235 397.5411
5236 397.5496
5237 397.5584
5238 397.5674
5239 397.5765
5240 397.5858
5241 397.595
5242 397.6041
5243 397.6133
5244 397.6226
5245 397.632
5246 397.6416
5247 397.6519
5248 397.663
5249 397.6752
5250 397.6887
5251 397.7037
5252 397.7202
5253 397.7383
5254 397.7578
5255 397.7782
5256 397.7994
5257 397.8209
5258 397.8422
5259 397.8627
5260 397.8821
5261 397.9
5262 397.9159
5263 397.9301
5264 397.9422
5265 397.9525
5266 397.9607
5267 397.9675
5268 397.9728
5269 397.9771
5270 397.9807
5271 397.984
5272 397.987
5273 397.9904
5274 397.9944
5275 397.9993
5276 398.0053
5277 398.0129
5278 398.0222
5279 398.0334
5280 398.0466
5281 398.0619
5282 398.0793
5283 398.0987
5284 398.12
5285 398.1432
5286 398.1679
5287 398.1939
5288 398.2211
5289 398.2491
5290 398.2776
5291 398.3065
5292 398.3355
5293 398.3644
5294 398.3932
5295 398.4218
5296 398.4502
5297 398.4785
5298 398.5067
5299 398.5352
5300 398.5642
5301 398.594
5302 398.6248
5303 398.6566
5304 398.6894
5305 398.7234
5306 398.7583
5307 398.7939
5308 398.83
5309 398.866
5310 398.9016
5311 398.9364
5312 398.9702
5313 399.0024
5314 399.0332
5315 399.0624
5316 399.0901
5317 399.1161
5318 399.1409
5319 399.1645
5320 399.1872
5321 399.209
5322 399.2302
5323 399.2512
5324 399.2718
5325 399.2924
5326 399.3133
5327 399.3346
5328 399.3566
5329 399.3793
5330 399.4031
5331 399.4281
5332 399.4542
5333 399.4815
5334 399.5101
5335 399.5398
5336 399.5707
5337 399.6026
5338 399.6356
5339 399.6696
5340 399.7046
5341 399.7405
5342 399.7775
5343 399.8153
5344 399.8539
5345 399.8932
5346 399.933
5347 399.9734
5348 400.0144
5349 400.0558
5350 400.0979
5351 400.1407
5352 400.1844
5353 400.229
5354 400.2748
5355 400.3215
5356 400.3692
5357 400.4177
5358 400.4666
5359 400.5157
5360 400.5644
5361 400.6123
5362 400.6587
5363 400.7034
5364 400.7459
5365 400.7859
5366 400.8234
5367 400.8583
5368 400.8907
5369 400.9208
5370 400.9489
5371 400.9751
5372 400.9998
5373 401.0233
5374 401.0457
5375 401.0675
5376 401.0887
5377 401.1098
5378 401.1308
5379 401.1521
5380 401.174
5381 401.1968
5382 401.2205
5383 401.2453
5384 401.2715
5385 401.2989
5386 401.3278
5387 401.3578
5388 401.389
5389 401.4212
5390 401.4542
5391 401.4877
5392 401.5216
5393 401.5558
5394 401.5899
5395 401.624
5396 401.6577
5397 401.6913
5398 401.7242
5399 401.7568
5400 401.7889
